2023-05-26 20:51:50 [127.0.0.1][1][jisluji5uvm1pae93b6oo803uula2vpd][error][yii\web\HttpException:404] yii\base\InvalidRouteException: Unable to resolve the request "tclick/index". in C:\OpenServer\OpenServer\domains\localhost\docs\vendor\yiisoft\yii2\base\Module.php:561
Stack trace:
#0 C:\OpenServer\OpenServer\domains\localhost\docs\vendor\yiisoft\yii2\web\Application.php(103): yii\base\Module->runAction()
#1 C:\OpenServer\OpenServer\domains\localhost\docs\vendor\yiisoft\yii2\base\Application.php(384): yii\web\Application->handleRequest()
#2 C:\OpenServer\OpenServer\domains\localhost\docs\web\index.php(13): yii\base\Application->run()
#3 {main}

Next yii\web\NotFoundHttpException: Страница не найдена. in C:\OpenServer\OpenServer\domains\localhost\docs\vendor\yiisoft\yii2\web\Application.php:115
Stack trace:
#0 C:\OpenServer\OpenServer\domains\localhost\docs\vendor\yiisoft\yii2\base\Application.php(384): yii\web\Application->handleRequest()
#1 C:\OpenServer\OpenServer\domains\localhost\docs\web\index.php(13): yii\base\Application->run()
#2 {main}
2023-05-26 20:51:50 [127.0.0.1][1][jisluji5uvm1pae93b6oo803uula2vpd][info][application] $_GET = [
    'r' => 'tclick/index'
]

$_POST = []

$_FILES = []

$_COOKIE = [
    'PHPSESSID' => 'jisluji5uvm1pae93b6oo803uula2vpd'
    '_identity' => '04bdd8198866bcab9f7fcb73ecfaae7e95b017a33f4f656615ae17253aa7a3bba:2:{i:0;s:9:\"_identity\";i:1;s:45:\"[1,\"PATsN8FUOCjpbl5zd80jBQgl8H94QJEf\",362400]\";}'
    '_csrf' => '409f812ba3a4d569a2a5da47fa2f51ab28bf341eec7fac6b4d422795d7619f9ca:2:{i:0;s:5:\"_csrf\";i:1;s:32:\"VmIYEUoEar6qv2VyEUomcTbrPdIWQ425\";}'
]

$_SESSION = [
    '__flash' => []
    '__returnUrl' => 'http://docs/'
    'userSessionTimeout' => 8640000
    '__id' => 1
    '__authKey' => 'PATsN8FUOCjpbl5zd80jBQgl8H94QJEf'
]

$_SERVER = [
    'HTTP_HOST' => 'docs'
    'HTTP_CONNECTION' => 'keep-alive'
    'HTTP_UPGRADE_INSECURE_REQUESTS' => '1'
    'HTTP_USER_AGENT' => 'Mozilla/5.0 (Windows NT 10.0; Win64; x64) AppleWebKit/537.36 (KHTML, like Gecko) Chrome/113.0.0.0 Safari/537.36'
    'HTTP_ACCEPT' => 'text/html,application/xhtml+xml,application/xml;q=0.9,image/avif,image/webp,image/apng,*/*;q=0.8,application/signed-exchange;v=b3;q=0.7'
    'HTTP_ACCEPT_ENCODING' => 'gzip, deflate'
    'HTTP_ACCEPT_LANGUAGE' => 'ru-RU,ru;q=0.9,en-US;q=0.8,en;q=0.7'
    'HTTP_COOKIE' => 'PHPSESSID=jisluji5uvm1pae93b6oo803uula2vpd; _identity=04bdd8198866bcab9f7fcb73ecfaae7e95b017a33f4f656615ae17253aa7a3bba%3A2%3A%7Bi%3A0%3Bs%3A9%3A%22_identity%22%3Bi%3A1%3Bs%3A45%3A%22%5B1%2C%22PATsN8FUOCjpbl5zd80jBQgl8H94QJEf%22%2C362400%5D%22%3B%7D; _csrf=409f812ba3a4d569a2a5da47fa2f51ab28bf341eec7fac6b4d422795d7619f9ca%3A2%3A%7Bi%3A0%3Bs%3A5%3A%22_csrf%22%3Bi%3A1%3Bs%3A32%3A%22VmIYEUoEar6qv2VyEUomcTbrPdIWQ425%22%3B%7D'
    'PATH' => 'c:\\openserver\\openserver\\modules\\php\\PHP_7.4\\ext;c:\\openserver\\openserver\\modules\\php\\PHP_7.4\\pear;c:\\openserver\\openserver\\modules\\php\\PHP_7.4\\pear\\bin;c:\\openserver\\openserver\\modules\\php\\PHP_7.4;c:\\openserver\\openserver\\modules\\wget\\bin;c:\\openserver\\openserver\\modules\\database\\MariaDB-10.3\\bin;c:\\openserver\\openserver\\modules\\http\\Apache_2.4-PHP_7.2-7.4\\bin;c:\\openserver\\openserver\\modules\\http\\Apache_2.4-PHP_7.2-7.4;C:\\Windows\\system32;C:\\Windows;C:\\Windows\\system32\\Wbem;C:\\Windows\\SysWOW64;C:\\Program Files\\nodejs\\;C:\\Windows\\system32;C:\\Windows;C:\\Windows\\System32\\Wbem;C:\\Windows\\System32\\WindowsPowerShell\\v1.0\\;C:\\Windows\\System32\\OpenSSH\\;C:\\Program Files\\Microsoft SQL Server\\150\\Tools\\Binn\\;C:\\Program Files\\Microsoft SQL Server\\Client SDK\\ODBC\\170\\Tools\\Binn\\;C:\\Program Files\\dotnet\\;C:\\Program Files (x86)\\Microsoft SQL Server\\150\\DTS\\Binn\\;C:\\Program Files\\Azure Data Studio\\bin;C:\\Program Files (x86)\\Microsoft SQL Server\\160\\Tools\\Binn\\;C:\\Program Files\\Microsoft SQL Server\\160\\Tools\\Binn\\;C:\\Program Files\\Microsoft SQL Server\\160\\DTS\\Binn\\;C:\\Program Files\\nodejs\\;C:\\Users\\user\\AppData\\Local\\Programs\\Python\\Python37\\Scripts\\;C:\\Users\\user\\AppData\\Local\\Programs\\Python\\Python37\\;C:\\Users\\user\\AppData\\Local\\Microsoft\\WindowsApps;C:\\Users\\user\\AppData\\Local\\atom\\bin;C:\\Users\\user\\.dotnet\\tools;D:\\PyCharm Community Edition 2022.2.4\\bin;C:\\Program Files\\JetBrains\\PhpStorm 2021.1.1\\bin;C:\\Users\\user\\AppData\\Roaming\\Microsoft\\Windows\\Start Menu\\Programs\\Python 3.8;C:\\Users\\user\\AppData\\Roaming\\Microsoft\\Windows\\Start Menu\\Programs\\Python 3.8\\Scripts;C:\\Users\\user\\AppData\\Roaming\\Microsoft\\Windows\\Start_Menu\\Programs\\VN_Py\\Lib\\site-packages\\PySide6\\;C:\\Users\\user\\AppData\\Roaming\\npm'
    'SystemRoot' => 'C:\\Windows'
    'COMSPEC' => 'C:\\Windows\\system32\\cmd.exe'
    'PATHEXT' => '.COM;.EXE;.BAT;.CMD;.VBS;.VBE;.JS;.JSE;.WSF;.WSH;.MSC'
    'WINDIR' => 'C:\\Windows'
    'SERVER_SIGNATURE' => ''
    'SERVER_SOFTWARE' => 'Apache'
    'SERVER_NAME' => 'docs'
    'SERVER_ADDR' => '127.0.0.1'
    'SERVER_PORT' => '80'
    'REMOTE_ADDR' => '127.0.0.1'
    'DOCUMENT_ROOT' => 'C:/OpenServer/OpenServer/domains/localhost/docs/web'
    'REQUEST_SCHEME' => 'http'
    'CONTEXT_PREFIX' => ''
    'CONTEXT_DOCUMENT_ROOT' => 'C:/OpenServer/OpenServer/domains/localhost/docs/web'
    'SERVER_ADMIN' => '[no address given]'
    'SCRIPT_FILENAME' => 'C:/OpenServer/OpenServer/domains/localhost/docs/web/index.php'
    'REMOTE_PORT' => '58065'
    'GATEWAY_INTERFACE' => 'CGI/1.1'
    'SERVER_PROTOCOL' => 'HTTP/1.1'
    'REQUEST_METHOD' => 'GET'
    'QUERY_STRING' => 'r=tclick/index'
    'REQUEST_URI' => '/index.php?r=tclick/index'
    'SCRIPT_NAME' => '/index.php'
    'PHP_SELF' => '/index.php'
    'REQUEST_TIME_FLOAT' => 1685123510.552
    'REQUEST_TIME' => 1685123510
    'argv' => [
        0 => 'r=tclick/index'
    ]
    'argc' => 1
]
2023-05-26 20:52:06 [127.0.0.1][1][jisluji5uvm1pae93b6oo803uula2vpd][error][yii\web\HttpException:404] yii\base\InvalidRouteException: Unable to resolve the request "t-click/index". in C:\OpenServer\OpenServer\domains\localhost\docs\vendor\yiisoft\yii2\base\Module.php:561
Stack trace:
#0 C:\OpenServer\OpenServer\domains\localhost\docs\vendor\yiisoft\yii2\web\Application.php(103): yii\base\Module->runAction()
#1 C:\OpenServer\OpenServer\domains\localhost\docs\vendor\yiisoft\yii2\base\Application.php(384): yii\web\Application->handleRequest()
#2 C:\OpenServer\OpenServer\domains\localhost\docs\web\index.php(13): yii\base\Application->run()
#3 {main}

Next yii\web\NotFoundHttpException: Страница не найдена. in C:\OpenServer\OpenServer\domains\localhost\docs\vendor\yiisoft\yii2\web\Application.php:115
Stack trace:
#0 C:\OpenServer\OpenServer\domains\localhost\docs\vendor\yiisoft\yii2\base\Application.php(384): yii\web\Application->handleRequest()
#1 C:\OpenServer\OpenServer\domains\localhost\docs\web\index.php(13): yii\base\Application->run()
#2 {main}
2023-05-26 20:52:06 [127.0.0.1][1][jisluji5uvm1pae93b6oo803uula2vpd][info][application] $_GET = [
    'r' => 't-click/index'
]

$_POST = []

$_FILES = []

$_COOKIE = [
    'PHPSESSID' => 'jisluji5uvm1pae93b6oo803uula2vpd'
    '_identity' => '04bdd8198866bcab9f7fcb73ecfaae7e95b017a33f4f656615ae17253aa7a3bba:2:{i:0;s:9:\"_identity\";i:1;s:45:\"[1,\"PATsN8FUOCjpbl5zd80jBQgl8H94QJEf\",362400]\";}'
    '_csrf' => '409f812ba3a4d569a2a5da47fa2f51ab28bf341eec7fac6b4d422795d7619f9ca:2:{i:0;s:5:\"_csrf\";i:1;s:32:\"VmIYEUoEar6qv2VyEUomcTbrPdIWQ425\";}'
]

$_SESSION = [
    '__flash' => []
    '__returnUrl' => 'http://docs/'
    'userSessionTimeout' => 8640000
    '__id' => 1
    '__authKey' => 'PATsN8FUOCjpbl5zd80jBQgl8H94QJEf'
]

$_SERVER = [
    'HTTP_HOST' => 'docs'
    'HTTP_CONNECTION' => 'keep-alive'
    'HTTP_UPGRADE_INSECURE_REQUESTS' => '1'
    'HTTP_USER_AGENT' => 'Mozilla/5.0 (Windows NT 10.0; Win64; x64) AppleWebKit/537.36 (KHTML, like Gecko) Chrome/113.0.0.0 Safari/537.36'
    'HTTP_ACCEPT' => 'text/html,application/xhtml+xml,application/xml;q=0.9,image/avif,image/webp,image/apng,*/*;q=0.8,application/signed-exchange;v=b3;q=0.7'
    'HTTP_ACCEPT_ENCODING' => 'gzip, deflate'
    'HTTP_ACCEPT_LANGUAGE' => 'ru-RU,ru;q=0.9,en-US;q=0.8,en;q=0.7'
    'HTTP_COOKIE' => 'PHPSESSID=jisluji5uvm1pae93b6oo803uula2vpd; _identity=04bdd8198866bcab9f7fcb73ecfaae7e95b017a33f4f656615ae17253aa7a3bba%3A2%3A%7Bi%3A0%3Bs%3A9%3A%22_identity%22%3Bi%3A1%3Bs%3A45%3A%22%5B1%2C%22PATsN8FUOCjpbl5zd80jBQgl8H94QJEf%22%2C362400%5D%22%3B%7D; _csrf=409f812ba3a4d569a2a5da47fa2f51ab28bf341eec7fac6b4d422795d7619f9ca%3A2%3A%7Bi%3A0%3Bs%3A5%3A%22_csrf%22%3Bi%3A1%3Bs%3A32%3A%22VmIYEUoEar6qv2VyEUomcTbrPdIWQ425%22%3B%7D'
    'PATH' => 'c:\\openserver\\openserver\\modules\\php\\PHP_7.4\\ext;c:\\openserver\\openserver\\modules\\php\\PHP_7.4\\pear;c:\\openserver\\openserver\\modules\\php\\PHP_7.4\\pear\\bin;c:\\openserver\\openserver\\modules\\php\\PHP_7.4;c:\\openserver\\openserver\\modules\\wget\\bin;c:\\openserver\\openserver\\modules\\database\\MariaDB-10.3\\bin;c:\\openserver\\openserver\\modules\\http\\Apache_2.4-PHP_7.2-7.4\\bin;c:\\openserver\\openserver\\modules\\http\\Apache_2.4-PHP_7.2-7.4;C:\\Windows\\system32;C:\\Windows;C:\\Windows\\system32\\Wbem;C:\\Windows\\SysWOW64;C:\\Program Files\\nodejs\\;C:\\Windows\\system32;C:\\Windows;C:\\Windows\\System32\\Wbem;C:\\Windows\\System32\\WindowsPowerShell\\v1.0\\;C:\\Windows\\System32\\OpenSSH\\;C:\\Program Files\\Microsoft SQL Server\\150\\Tools\\Binn\\;C:\\Program Files\\Microsoft SQL Server\\Client SDK\\ODBC\\170\\Tools\\Binn\\;C:\\Program Files\\dotnet\\;C:\\Program Files (x86)\\Microsoft SQL Server\\150\\DTS\\Binn\\;C:\\Program Files\\Azure Data Studio\\bin;C:\\Program Files (x86)\\Microsoft SQL Server\\160\\Tools\\Binn\\;C:\\Program Files\\Microsoft SQL Server\\160\\Tools\\Binn\\;C:\\Program Files\\Microsoft SQL Server\\160\\DTS\\Binn\\;C:\\Program Files\\nodejs\\;C:\\Users\\user\\AppData\\Local\\Programs\\Python\\Python37\\Scripts\\;C:\\Users\\user\\AppData\\Local\\Programs\\Python\\Python37\\;C:\\Users\\user\\AppData\\Local\\Microsoft\\WindowsApps;C:\\Users\\user\\AppData\\Local\\atom\\bin;C:\\Users\\user\\.dotnet\\tools;D:\\PyCharm Community Edition 2022.2.4\\bin;C:\\Program Files\\JetBrains\\PhpStorm 2021.1.1\\bin;C:\\Users\\user\\AppData\\Roaming\\Microsoft\\Windows\\Start Menu\\Programs\\Python 3.8;C:\\Users\\user\\AppData\\Roaming\\Microsoft\\Windows\\Start Menu\\Programs\\Python 3.8\\Scripts;C:\\Users\\user\\AppData\\Roaming\\Microsoft\\Windows\\Start_Menu\\Programs\\VN_Py\\Lib\\site-packages\\PySide6\\;C:\\Users\\user\\AppData\\Roaming\\npm'
    'SystemRoot' => 'C:\\Windows'
    'COMSPEC' => 'C:\\Windows\\system32\\cmd.exe'
    'PATHEXT' => '.COM;.EXE;.BAT;.CMD;.VBS;.VBE;.JS;.JSE;.WSF;.WSH;.MSC'
    'WINDIR' => 'C:\\Windows'
    'SERVER_SIGNATURE' => ''
    'SERVER_SOFTWARE' => 'Apache'
    'SERVER_NAME' => 'docs'
    'SERVER_ADDR' => '127.0.0.1'
    'SERVER_PORT' => '80'
    'REMOTE_ADDR' => '127.0.0.1'
    'DOCUMENT_ROOT' => 'C:/OpenServer/OpenServer/domains/localhost/docs/web'
    'REQUEST_SCHEME' => 'http'
    'CONTEXT_PREFIX' => ''
    'CONTEXT_DOCUMENT_ROOT' => 'C:/OpenServer/OpenServer/domains/localhost/docs/web'
    'SERVER_ADMIN' => '[no address given]'
    'SCRIPT_FILENAME' => 'C:/OpenServer/OpenServer/domains/localhost/docs/web/index.php'
    'REMOTE_PORT' => '58065'
    'GATEWAY_INTERFACE' => 'CGI/1.1'
    'SERVER_PROTOCOL' => 'HTTP/1.1'
    'REQUEST_METHOD' => 'GET'
    'QUERY_STRING' => 'r=t-click/index'
    'REQUEST_URI' => '/index.php?r=t-click/index'
    'SCRIPT_NAME' => '/index.php'
    'PHP_SELF' => '/index.php'
    'REQUEST_TIME_FLOAT' => 1685123526.139
    'REQUEST_TIME' => 1685123526
    'argv' => [
        0 => 'r=t-click/index'
    ]
    'argc' => 1
]
2023-05-26 20:52:09 [127.0.0.1][1][jisluji5uvm1pae93b6oo803uula2vpd][error][yii\web\HttpException:404] yii\base\InvalidRouteException: Unable to resolve the request "t-click". in C:\OpenServer\OpenServer\domains\localhost\docs\vendor\yiisoft\yii2\base\Module.php:561
Stack trace:
#0 C:\OpenServer\OpenServer\domains\localhost\docs\vendor\yiisoft\yii2\web\Application.php(103): yii\base\Module->runAction()
#1 C:\OpenServer\OpenServer\domains\localhost\docs\vendor\yiisoft\yii2\base\Application.php(384): yii\web\Application->handleRequest()
#2 C:\OpenServer\OpenServer\domains\localhost\docs\web\index.php(13): yii\base\Application->run()
#3 {main}

Next yii\web\NotFoundHttpException: Страница не найдена. in C:\OpenServer\OpenServer\domains\localhost\docs\vendor\yiisoft\yii2\web\Application.php:115
Stack trace:
#0 C:\OpenServer\OpenServer\domains\localhost\docs\vendor\yiisoft\yii2\base\Application.php(384): yii\web\Application->handleRequest()
#1 C:\OpenServer\OpenServer\domains\localhost\docs\web\index.php(13): yii\base\Application->run()
#2 {main}
2023-05-26 20:52:09 [127.0.0.1][1][jisluji5uvm1pae93b6oo803uula2vpd][info][application] $_GET = [
    'r' => 't-click'
]

$_POST = []

$_FILES = []

$_COOKIE = [
    'PHPSESSID' => 'jisluji5uvm1pae93b6oo803uula2vpd'
    '_identity' => '04bdd8198866bcab9f7fcb73ecfaae7e95b017a33f4f656615ae17253aa7a3bba:2:{i:0;s:9:\"_identity\";i:1;s:45:\"[1,\"PATsN8FUOCjpbl5zd80jBQgl8H94QJEf\",362400]\";}'
    '_csrf' => '409f812ba3a4d569a2a5da47fa2f51ab28bf341eec7fac6b4d422795d7619f9ca:2:{i:0;s:5:\"_csrf\";i:1;s:32:\"VmIYEUoEar6qv2VyEUomcTbrPdIWQ425\";}'
]

$_SESSION = [
    '__flash' => []
    '__returnUrl' => 'http://docs/'
    'userSessionTimeout' => 8640000
    '__id' => 1
    '__authKey' => 'PATsN8FUOCjpbl5zd80jBQgl8H94QJEf'
]

$_SERVER = [
    'HTTP_HOST' => 'docs'
    'HTTP_CONNECTION' => 'keep-alive'
    'HTTP_UPGRADE_INSECURE_REQUESTS' => '1'
    'HTTP_USER_AGENT' => 'Mozilla/5.0 (Windows NT 10.0; Win64; x64) AppleWebKit/537.36 (KHTML, like Gecko) Chrome/113.0.0.0 Safari/537.36'
    'HTTP_ACCEPT' => 'text/html,application/xhtml+xml,application/xml;q=0.9,image/avif,image/webp,image/apng,*/*;q=0.8,application/signed-exchange;v=b3;q=0.7'
    'HTTP_ACCEPT_ENCODING' => 'gzip, deflate'
    'HTTP_ACCEPT_LANGUAGE' => 'ru-RU,ru;q=0.9,en-US;q=0.8,en;q=0.7'
    'HTTP_COOKIE' => 'PHPSESSID=jisluji5uvm1pae93b6oo803uula2vpd; _identity=04bdd8198866bcab9f7fcb73ecfaae7e95b017a33f4f656615ae17253aa7a3bba%3A2%3A%7Bi%3A0%3Bs%3A9%3A%22_identity%22%3Bi%3A1%3Bs%3A45%3A%22%5B1%2C%22PATsN8FUOCjpbl5zd80jBQgl8H94QJEf%22%2C362400%5D%22%3B%7D; _csrf=409f812ba3a4d569a2a5da47fa2f51ab28bf341eec7fac6b4d422795d7619f9ca%3A2%3A%7Bi%3A0%3Bs%3A5%3A%22_csrf%22%3Bi%3A1%3Bs%3A32%3A%22VmIYEUoEar6qv2VyEUomcTbrPdIWQ425%22%3B%7D'
    'PATH' => 'c:\\openserver\\openserver\\modules\\php\\PHP_7.4\\ext;c:\\openserver\\openserver\\modules\\php\\PHP_7.4\\pear;c:\\openserver\\openserver\\modules\\php\\PHP_7.4\\pear\\bin;c:\\openserver\\openserver\\modules\\php\\PHP_7.4;c:\\openserver\\openserver\\modules\\wget\\bin;c:\\openserver\\openserver\\modules\\database\\MariaDB-10.3\\bin;c:\\openserver\\openserver\\modules\\http\\Apache_2.4-PHP_7.2-7.4\\bin;c:\\openserver\\openserver\\modules\\http\\Apache_2.4-PHP_7.2-7.4;C:\\Windows\\system32;C:\\Windows;C:\\Windows\\system32\\Wbem;C:\\Windows\\SysWOW64;C:\\Program Files\\nodejs\\;C:\\Windows\\system32;C:\\Windows;C:\\Windows\\System32\\Wbem;C:\\Windows\\System32\\WindowsPowerShell\\v1.0\\;C:\\Windows\\System32\\OpenSSH\\;C:\\Program Files\\Microsoft SQL Server\\150\\Tools\\Binn\\;C:\\Program Files\\Microsoft SQL Server\\Client SDK\\ODBC\\170\\Tools\\Binn\\;C:\\Program Files\\dotnet\\;C:\\Program Files (x86)\\Microsoft SQL Server\\150\\DTS\\Binn\\;C:\\Program Files\\Azure Data Studio\\bin;C:\\Program Files (x86)\\Microsoft SQL Server\\160\\Tools\\Binn\\;C:\\Program Files\\Microsoft SQL Server\\160\\Tools\\Binn\\;C:\\Program Files\\Microsoft SQL Server\\160\\DTS\\Binn\\;C:\\Program Files\\nodejs\\;C:\\Users\\user\\AppData\\Local\\Programs\\Python\\Python37\\Scripts\\;C:\\Users\\user\\AppData\\Local\\Programs\\Python\\Python37\\;C:\\Users\\user\\AppData\\Local\\Microsoft\\WindowsApps;C:\\Users\\user\\AppData\\Local\\atom\\bin;C:\\Users\\user\\.dotnet\\tools;D:\\PyCharm Community Edition 2022.2.4\\bin;C:\\Program Files\\JetBrains\\PhpStorm 2021.1.1\\bin;C:\\Users\\user\\AppData\\Roaming\\Microsoft\\Windows\\Start Menu\\Programs\\Python 3.8;C:\\Users\\user\\AppData\\Roaming\\Microsoft\\Windows\\Start Menu\\Programs\\Python 3.8\\Scripts;C:\\Users\\user\\AppData\\Roaming\\Microsoft\\Windows\\Start_Menu\\Programs\\VN_Py\\Lib\\site-packages\\PySide6\\;C:\\Users\\user\\AppData\\Roaming\\npm'
    'SystemRoot' => 'C:\\Windows'
    'COMSPEC' => 'C:\\Windows\\system32\\cmd.exe'
    'PATHEXT' => '.COM;.EXE;.BAT;.CMD;.VBS;.VBE;.JS;.JSE;.WSF;.WSH;.MSC'
    'WINDIR' => 'C:\\Windows'
    'SERVER_SIGNATURE' => ''
    'SERVER_SOFTWARE' => 'Apache'
    'SERVER_NAME' => 'docs'
    'SERVER_ADDR' => '127.0.0.1'
    'SERVER_PORT' => '80'
    'REMOTE_ADDR' => '127.0.0.1'
    'DOCUMENT_ROOT' => 'C:/OpenServer/OpenServer/domains/localhost/docs/web'
    'REQUEST_SCHEME' => 'http'
    'CONTEXT_PREFIX' => ''
    'CONTEXT_DOCUMENT_ROOT' => 'C:/OpenServer/OpenServer/domains/localhost/docs/web'
    'SERVER_ADMIN' => '[no address given]'
    'SCRIPT_FILENAME' => 'C:/OpenServer/OpenServer/domains/localhost/docs/web/index.php'
    'REMOTE_PORT' => '58065'
    'GATEWAY_INTERFACE' => 'CGI/1.1'
    'SERVER_PROTOCOL' => 'HTTP/1.1'
    'REQUEST_METHOD' => 'GET'
    'QUERY_STRING' => 'r=t-click'
    'REQUEST_URI' => '/index.php?r=t-click'
    'SCRIPT_NAME' => '/index.php'
    'PHP_SELF' => '/index.php'
    'REQUEST_TIME_FLOAT' => 1685123529.857
    'REQUEST_TIME' => 1685123529
    'argv' => [
        0 => 'r=t-click'
    ]
    'argc' => 1
]
2023-05-26 20:52:21 [127.0.0.1][1][jisluji5uvm1pae93b6oo803uula2vpd][error][yii\web\HttpException:404] yii\base\InvalidRouteException: Unable to resolve the request "t-click/index". in C:\OpenServer\OpenServer\domains\localhost\docs\vendor\yiisoft\yii2\base\Module.php:561
Stack trace:
#0 C:\OpenServer\OpenServer\domains\localhost\docs\vendor\yiisoft\yii2\web\Application.php(103): yii\base\Module->runAction()
#1 C:\OpenServer\OpenServer\domains\localhost\docs\vendor\yiisoft\yii2\base\Application.php(384): yii\web\Application->handleRequest()
#2 C:\OpenServer\OpenServer\domains\localhost\docs\web\index.php(13): yii\base\Application->run()
#3 {main}

Next yii\web\NotFoundHttpException: Страница не найдена. in C:\OpenServer\OpenServer\domains\localhost\docs\vendor\yiisoft\yii2\web\Application.php:115
Stack trace:
#0 C:\OpenServer\OpenServer\domains\localhost\docs\vendor\yiisoft\yii2\base\Application.php(384): yii\web\Application->handleRequest()
#1 C:\OpenServer\OpenServer\domains\localhost\docs\web\index.php(13): yii\base\Application->run()
#2 {main}
2023-05-26 20:52:21 [127.0.0.1][1][jisluji5uvm1pae93b6oo803uula2vpd][info][application] $_GET = [
    'r' => 't-click/index'
]

$_POST = []

$_FILES = []

$_COOKIE = [
    'PHPSESSID' => 'jisluji5uvm1pae93b6oo803uula2vpd'
    '_identity' => '04bdd8198866bcab9f7fcb73ecfaae7e95b017a33f4f656615ae17253aa7a3bba:2:{i:0;s:9:\"_identity\";i:1;s:45:\"[1,\"PATsN8FUOCjpbl5zd80jBQgl8H94QJEf\",362400]\";}'
    '_csrf' => '409f812ba3a4d569a2a5da47fa2f51ab28bf341eec7fac6b4d422795d7619f9ca:2:{i:0;s:5:\"_csrf\";i:1;s:32:\"VmIYEUoEar6qv2VyEUomcTbrPdIWQ425\";}'
]

$_SESSION = [
    '__flash' => []
    '__returnUrl' => 'http://docs/'
    'userSessionTimeout' => 8640000
    '__id' => 1
    '__authKey' => 'PATsN8FUOCjpbl5zd80jBQgl8H94QJEf'
]

$_SERVER = [
    'HTTP_HOST' => 'docs'
    'HTTP_CONNECTION' => 'keep-alive'
    'HTTP_UPGRADE_INSECURE_REQUESTS' => '1'
    'HTTP_USER_AGENT' => 'Mozilla/5.0 (Windows NT 10.0; Win64; x64) AppleWebKit/537.36 (KHTML, like Gecko) Chrome/113.0.0.0 Safari/537.36'
    'HTTP_ACCEPT' => 'text/html,application/xhtml+xml,application/xml;q=0.9,image/avif,image/webp,image/apng,*/*;q=0.8,application/signed-exchange;v=b3;q=0.7'
    'HTTP_ACCEPT_ENCODING' => 'gzip, deflate'
    'HTTP_ACCEPT_LANGUAGE' => 'ru-RU,ru;q=0.9,en-US;q=0.8,en;q=0.7'
    'HTTP_COOKIE' => 'PHPSESSID=jisluji5uvm1pae93b6oo803uula2vpd; _identity=04bdd8198866bcab9f7fcb73ecfaae7e95b017a33f4f656615ae17253aa7a3bba%3A2%3A%7Bi%3A0%3Bs%3A9%3A%22_identity%22%3Bi%3A1%3Bs%3A45%3A%22%5B1%2C%22PATsN8FUOCjpbl5zd80jBQgl8H94QJEf%22%2C362400%5D%22%3B%7D; _csrf=409f812ba3a4d569a2a5da47fa2f51ab28bf341eec7fac6b4d422795d7619f9ca%3A2%3A%7Bi%3A0%3Bs%3A5%3A%22_csrf%22%3Bi%3A1%3Bs%3A32%3A%22VmIYEUoEar6qv2VyEUomcTbrPdIWQ425%22%3B%7D'
    'PATH' => 'c:\\openserver\\openserver\\modules\\php\\PHP_7.4\\ext;c:\\openserver\\openserver\\modules\\php\\PHP_7.4\\pear;c:\\openserver\\openserver\\modules\\php\\PHP_7.4\\pear\\bin;c:\\openserver\\openserver\\modules\\php\\PHP_7.4;c:\\openserver\\openserver\\modules\\wget\\bin;c:\\openserver\\openserver\\modules\\database\\MariaDB-10.3\\bin;c:\\openserver\\openserver\\modules\\http\\Apache_2.4-PHP_7.2-7.4\\bin;c:\\openserver\\openserver\\modules\\http\\Apache_2.4-PHP_7.2-7.4;C:\\Windows\\system32;C:\\Windows;C:\\Windows\\system32\\Wbem;C:\\Windows\\SysWOW64;C:\\Program Files\\nodejs\\;C:\\Windows\\system32;C:\\Windows;C:\\Windows\\System32\\Wbem;C:\\Windows\\System32\\WindowsPowerShell\\v1.0\\;C:\\Windows\\System32\\OpenSSH\\;C:\\Program Files\\Microsoft SQL Server\\150\\Tools\\Binn\\;C:\\Program Files\\Microsoft SQL Server\\Client SDK\\ODBC\\170\\Tools\\Binn\\;C:\\Program Files\\dotnet\\;C:\\Program Files (x86)\\Microsoft SQL Server\\150\\DTS\\Binn\\;C:\\Program Files\\Azure Data Studio\\bin;C:\\Program Files (x86)\\Microsoft SQL Server\\160\\Tools\\Binn\\;C:\\Program Files\\Microsoft SQL Server\\160\\Tools\\Binn\\;C:\\Program Files\\Microsoft SQL Server\\160\\DTS\\Binn\\;C:\\Program Files\\nodejs\\;C:\\Users\\user\\AppData\\Local\\Programs\\Python\\Python37\\Scripts\\;C:\\Users\\user\\AppData\\Local\\Programs\\Python\\Python37\\;C:\\Users\\user\\AppData\\Local\\Microsoft\\WindowsApps;C:\\Users\\user\\AppData\\Local\\atom\\bin;C:\\Users\\user\\.dotnet\\tools;D:\\PyCharm Community Edition 2022.2.4\\bin;C:\\Program Files\\JetBrains\\PhpStorm 2021.1.1\\bin;C:\\Users\\user\\AppData\\Roaming\\Microsoft\\Windows\\Start Menu\\Programs\\Python 3.8;C:\\Users\\user\\AppData\\Roaming\\Microsoft\\Windows\\Start Menu\\Programs\\Python 3.8\\Scripts;C:\\Users\\user\\AppData\\Roaming\\Microsoft\\Windows\\Start_Menu\\Programs\\VN_Py\\Lib\\site-packages\\PySide6\\;C:\\Users\\user\\AppData\\Roaming\\npm'
    'SystemRoot' => 'C:\\Windows'
    'COMSPEC' => 'C:\\Windows\\system32\\cmd.exe'
    'PATHEXT' => '.COM;.EXE;.BAT;.CMD;.VBS;.VBE;.JS;.JSE;.WSF;.WSH;.MSC'
    'WINDIR' => 'C:\\Windows'
    'SERVER_SIGNATURE' => ''
    'SERVER_SOFTWARE' => 'Apache'
    'SERVER_NAME' => 'docs'
    'SERVER_ADDR' => '127.0.0.1'
    'SERVER_PORT' => '80'
    'REMOTE_ADDR' => '127.0.0.1'
    'DOCUMENT_ROOT' => 'C:/OpenServer/OpenServer/domains/localhost/docs/web'
    'REQUEST_SCHEME' => 'http'
    'CONTEXT_PREFIX' => ''
    'CONTEXT_DOCUMENT_ROOT' => 'C:/OpenServer/OpenServer/domains/localhost/docs/web'
    'SERVER_ADMIN' => '[no address given]'
    'SCRIPT_FILENAME' => 'C:/OpenServer/OpenServer/domains/localhost/docs/web/index.php'
    'REMOTE_PORT' => '58067'
    'GATEWAY_INTERFACE' => 'CGI/1.1'
    'SERVER_PROTOCOL' => 'HTTP/1.1'
    'REQUEST_METHOD' => 'GET'
    'QUERY_STRING' => 'r=t-click%2Findex'
    'REQUEST_URI' => '/index.php?r=t-click%2Findex'
    'SCRIPT_NAME' => '/index.php'
    'PHP_SELF' => '/index.php'
    'REQUEST_TIME_FLOAT' => 1685123541.656
    'REQUEST_TIME' => 1685123541
    'argv' => [
        0 => 'r=t-click%2Findex'
    ]
    'argc' => 1
]
2023-05-26 20:52:40 [127.0.0.1][1][jisluji5uvm1pae93b6oo803uula2vpd][error][yii\base\ViewNotFoundException] yii\base\ViewNotFoundException: The view file does not exist: C:\OpenServer\OpenServer\domains\localhost\docs\views\temporary/t-click\index.php in C:\OpenServer\OpenServer\domains\localhost\docs\vendor\yiisoft\yii2\base\View.php:233
Stack trace:
#0 C:\OpenServer\OpenServer\domains\localhost\docs\vendor\yiisoft\yii2\base\View.php(156): yii\base\View->renderFile()
#1 C:\OpenServer\OpenServer\domains\localhost\docs\vendor\yiisoft\yii2\base\Controller.php(407): yii\base\View->render()
#2 C:\OpenServer\OpenServer\domains\localhost\docs\controllers\temporary\TClickController.php(43): yii\base\Controller->render()
#3 [internal function]: app\controllers\temporary\TClickController->actionIndex()
#4 C:\OpenServer\OpenServer\domains\localhost\docs\vendor\yiisoft\yii2\base\InlineAction.php(57): call_user_func_array()
#5 C:\OpenServer\OpenServer\domains\localhost\docs\vendor\yiisoft\yii2\base\Controller.php(178): yii\base\InlineAction->runWithParams()
#6 C:\OpenServer\OpenServer\domains\localhost\docs\vendor\yiisoft\yii2\base\Module.php(552): yii\base\Controller->runAction()
#7 C:\OpenServer\OpenServer\domains\localhost\docs\vendor\yiisoft\yii2\web\Application.php(103): yii\base\Module->runAction()
#8 C:\OpenServer\OpenServer\domains\localhost\docs\vendor\yiisoft\yii2\base\Application.php(384): yii\web\Application->handleRequest()
#9 C:\OpenServer\OpenServer\domains\localhost\docs\web\index.php(13): yii\base\Application->run()
#10 {main}
2023-05-26 20:52:39 [127.0.0.1][1][jisluji5uvm1pae93b6oo803uula2vpd][info][application] $_GET = [
    'r' => 'temporary/t-click/index'
]

$_POST = []

$_FILES = []

$_COOKIE = [
    'PHPSESSID' => 'jisluji5uvm1pae93b6oo803uula2vpd'
    '_identity' => '04bdd8198866bcab9f7fcb73ecfaae7e95b017a33f4f656615ae17253aa7a3bba:2:{i:0;s:9:\"_identity\";i:1;s:45:\"[1,\"PATsN8FUOCjpbl5zd80jBQgl8H94QJEf\",362400]\";}'
    '_csrf' => '409f812ba3a4d569a2a5da47fa2f51ab28bf341eec7fac6b4d422795d7619f9ca:2:{i:0;s:5:\"_csrf\";i:1;s:32:\"VmIYEUoEar6qv2VyEUomcTbrPdIWQ425\";}'
]

$_SESSION = [
    '__flash' => []
    '__returnUrl' => 'http://docs/'
    'userSessionTimeout' => 8640000
    '__id' => 1
    '__authKey' => 'PATsN8FUOCjpbl5zd80jBQgl8H94QJEf'
]

$_SERVER = [
    'HTTP_HOST' => 'docs'
    'HTTP_CONNECTION' => 'keep-alive'
    'HTTP_UPGRADE_INSECURE_REQUESTS' => '1'
    'HTTP_USER_AGENT' => 'Mozilla/5.0 (Windows NT 10.0; Win64; x64) AppleWebKit/537.36 (KHTML, like Gecko) Chrome/113.0.0.0 Safari/537.36'
    'HTTP_ACCEPT' => 'text/html,application/xhtml+xml,application/xml;q=0.9,image/avif,image/webp,image/apng,*/*;q=0.8,application/signed-exchange;v=b3;q=0.7'
    'HTTP_ACCEPT_ENCODING' => 'gzip, deflate'
    'HTTP_ACCEPT_LANGUAGE' => 'ru-RU,ru;q=0.9,en-US;q=0.8,en;q=0.7'
    'HTTP_COOKIE' => 'PHPSESSID=jisluji5uvm1pae93b6oo803uula2vpd; _identity=04bdd8198866bcab9f7fcb73ecfaae7e95b017a33f4f656615ae17253aa7a3bba%3A2%3A%7Bi%3A0%3Bs%3A9%3A%22_identity%22%3Bi%3A1%3Bs%3A45%3A%22%5B1%2C%22PATsN8FUOCjpbl5zd80jBQgl8H94QJEf%22%2C362400%5D%22%3B%7D; _csrf=409f812ba3a4d569a2a5da47fa2f51ab28bf341eec7fac6b4d422795d7619f9ca%3A2%3A%7Bi%3A0%3Bs%3A5%3A%22_csrf%22%3Bi%3A1%3Bs%3A32%3A%22VmIYEUoEar6qv2VyEUomcTbrPdIWQ425%22%3B%7D'
    'PATH' => 'c:\\openserver\\openserver\\modules\\php\\PHP_7.4\\ext;c:\\openserver\\openserver\\modules\\php\\PHP_7.4\\pear;c:\\openserver\\openserver\\modules\\php\\PHP_7.4\\pear\\bin;c:\\openserver\\openserver\\modules\\php\\PHP_7.4;c:\\openserver\\openserver\\modules\\wget\\bin;c:\\openserver\\openserver\\modules\\database\\MariaDB-10.3\\bin;c:\\openserver\\openserver\\modules\\http\\Apache_2.4-PHP_7.2-7.4\\bin;c:\\openserver\\openserver\\modules\\http\\Apache_2.4-PHP_7.2-7.4;C:\\Windows\\system32;C:\\Windows;C:\\Windows\\system32\\Wbem;C:\\Windows\\SysWOW64;C:\\Program Files\\nodejs\\;C:\\Windows\\system32;C:\\Windows;C:\\Windows\\System32\\Wbem;C:\\Windows\\System32\\WindowsPowerShell\\v1.0\\;C:\\Windows\\System32\\OpenSSH\\;C:\\Program Files\\Microsoft SQL Server\\150\\Tools\\Binn\\;C:\\Program Files\\Microsoft SQL Server\\Client SDK\\ODBC\\170\\Tools\\Binn\\;C:\\Program Files\\dotnet\\;C:\\Program Files (x86)\\Microsoft SQL Server\\150\\DTS\\Binn\\;C:\\Program Files\\Azure Data Studio\\bin;C:\\Program Files (x86)\\Microsoft SQL Server\\160\\Tools\\Binn\\;C:\\Program Files\\Microsoft SQL Server\\160\\Tools\\Binn\\;C:\\Program Files\\Microsoft SQL Server\\160\\DTS\\Binn\\;C:\\Program Files\\nodejs\\;C:\\Users\\user\\AppData\\Local\\Programs\\Python\\Python37\\Scripts\\;C:\\Users\\user\\AppData\\Local\\Programs\\Python\\Python37\\;C:\\Users\\user\\AppData\\Local\\Microsoft\\WindowsApps;C:\\Users\\user\\AppData\\Local\\atom\\bin;C:\\Users\\user\\.dotnet\\tools;D:\\PyCharm Community Edition 2022.2.4\\bin;C:\\Program Files\\JetBrains\\PhpStorm 2021.1.1\\bin;C:\\Users\\user\\AppData\\Roaming\\Microsoft\\Windows\\Start Menu\\Programs\\Python 3.8;C:\\Users\\user\\AppData\\Roaming\\Microsoft\\Windows\\Start Menu\\Programs\\Python 3.8\\Scripts;C:\\Users\\user\\AppData\\Roaming\\Microsoft\\Windows\\Start_Menu\\Programs\\VN_Py\\Lib\\site-packages\\PySide6\\;C:\\Users\\user\\AppData\\Roaming\\npm'
    'SystemRoot' => 'C:\\Windows'
    'COMSPEC' => 'C:\\Windows\\system32\\cmd.exe'
    'PATHEXT' => '.COM;.EXE;.BAT;.CMD;.VBS;.VBE;.JS;.JSE;.WSF;.WSH;.MSC'
    'WINDIR' => 'C:\\Windows'
    'SERVER_SIGNATURE' => ''
    'SERVER_SOFTWARE' => 'Apache'
    'SERVER_NAME' => 'docs'
    'SERVER_ADDR' => '127.0.0.1'
    'SERVER_PORT' => '80'
    'REMOTE_ADDR' => '127.0.0.1'
    'DOCUMENT_ROOT' => 'C:/OpenServer/OpenServer/domains/localhost/docs/web'
    'REQUEST_SCHEME' => 'http'
    'CONTEXT_PREFIX' => ''
    'CONTEXT_DOCUMENT_ROOT' => 'C:/OpenServer/OpenServer/domains/localhost/docs/web'
    'SERVER_ADMIN' => '[no address given]'
    'SCRIPT_FILENAME' => 'C:/OpenServer/OpenServer/domains/localhost/docs/web/index.php'
    'REMOTE_PORT' => '58067'
    'GATEWAY_INTERFACE' => 'CGI/1.1'
    'SERVER_PROTOCOL' => 'HTTP/1.1'
    'REQUEST_METHOD' => 'GET'
    'QUERY_STRING' => 'r=temporary/t-click%2Findex'
    'REQUEST_URI' => '/index.php?r=temporary/t-click%2Findex'
    'SCRIPT_NAME' => '/index.php'
    'PHP_SELF' => '/index.php'
    'REQUEST_TIME_FLOAT' => 1685123559.965
    'REQUEST_TIME' => 1685123559
    'argv' => [
        0 => 'r=temporary/t-click%2Findex'
    ]
    'argc' => 1
]
2023-05-26 20:57:41 [127.0.0.1][1][jisluji5uvm1pae93b6oo803uula2vpd][error][yii\db\Exception] PDOException: SQLSTATE[22007]: Invalid datetime format: 1292 Incorrect datetime value: '0' for column `u0457336_index_new`.`t_click`.`time` at row 1 in C:\OpenServer\OpenServer\domains\localhost\docs\vendor\yiisoft\yii2\db\Command.php:1302
Stack trace:
#0 C:\OpenServer\OpenServer\domains\localhost\docs\vendor\yiisoft\yii2\db\Command.php(1302): PDOStatement->execute()
#1 C:\OpenServer\OpenServer\domains\localhost\docs\vendor\yiisoft\yii2\db\Command.php(1102): yii\db\Command->internalExecute()
#2 C:\OpenServer\OpenServer\domains\localhost\docs\vendor\yiisoft\yii2\db\Schema.php(431): yii\db\Command->execute()
#3 C:\OpenServer\OpenServer\domains\localhost\docs\vendor\yiisoft\yii2\db\ActiveRecord.php(604): yii\db\Schema->insert()
#4 C:\OpenServer\OpenServer\domains\localhost\docs\vendor\yiisoft\yii2\db\ActiveRecord.php(570): yii\db\ActiveRecord->insertInternal()
#5 C:\OpenServer\OpenServer\domains\localhost\docs\vendor\yiisoft\yii2\db\BaseActiveRecord.php(676): yii\db\ActiveRecord->insert()
#6 C:\OpenServer\OpenServer\domains\localhost\docs\controllers\temporary\TClickController.php(69): yii\db\BaseActiveRecord->save()
#7 [internal function]: app\controllers\temporary\TClickController->actionCreate()
#8 C:\OpenServer\OpenServer\domains\localhost\docs\vendor\yiisoft\yii2\base\InlineAction.php(57): call_user_func_array()
#9 C:\OpenServer\OpenServer\domains\localhost\docs\vendor\yiisoft\yii2\base\Controller.php(178): yii\base\InlineAction->runWithParams()
#10 C:\OpenServer\OpenServer\domains\localhost\docs\vendor\yiisoft\yii2\base\Module.php(552): yii\base\Controller->runAction()
#11 C:\OpenServer\OpenServer\domains\localhost\docs\vendor\yiisoft\yii2\web\Application.php(103): yii\base\Module->runAction()
#12 C:\OpenServer\OpenServer\domains\localhost\docs\vendor\yiisoft\yii2\base\Application.php(384): yii\web\Application->handleRequest()
#13 C:\OpenServer\OpenServer\domains\localhost\docs\web\index.php(13): yii\base\Application->run()
#14 {main}

Next yii\db\Exception: SQLSTATE[22007]: Invalid datetime format: 1292 Incorrect datetime value: '0' for column `u0457336_index_new`.`t_click`.`time` at row 1
The SQL being executed was: INSERT INTO `t_click` (`name`, `time`) VALUES ('Глеб', '0') in C:\OpenServer\OpenServer\domains\localhost\docs\vendor\yiisoft\yii2\db\Schema.php:676
Stack trace:
#0 C:\OpenServer\OpenServer\domains\localhost\docs\vendor\yiisoft\yii2\db\Command.php(1307): yii\db\Schema->convertException()
#1 C:\OpenServer\OpenServer\domains\localhost\docs\vendor\yiisoft\yii2\db\Command.php(1102): yii\db\Command->internalExecute()
#2 C:\OpenServer\OpenServer\domains\localhost\docs\vendor\yiisoft\yii2\db\Schema.php(431): yii\db\Command->execute()
#3 C:\OpenServer\OpenServer\domains\localhost\docs\vendor\yiisoft\yii2\db\ActiveRecord.php(604): yii\db\Schema->insert()
#4 C:\OpenServer\OpenServer\domains\localhost\docs\vendor\yiisoft\yii2\db\ActiveRecord.php(570): yii\db\ActiveRecord->insertInternal()
#5 C:\OpenServer\OpenServer\domains\localhost\docs\vendor\yiisoft\yii2\db\BaseActiveRecord.php(676): yii\db\ActiveRecord->insert()
#6 C:\OpenServer\OpenServer\domains\localhost\docs\controllers\temporary\TClickController.php(69): yii\db\BaseActiveRecord->save()
#7 [internal function]: app\controllers\temporary\TClickController->actionCreate()
#8 C:\OpenServer\OpenServer\domains\localhost\docs\vendor\yiisoft\yii2\base\InlineAction.php(57): call_user_func_array()
#9 C:\OpenServer\OpenServer\domains\localhost\docs\vendor\yiisoft\yii2\base\Controller.php(178): yii\base\InlineAction->runWithParams()
#10 C:\OpenServer\OpenServer\domains\localhost\docs\vendor\yiisoft\yii2\base\Module.php(552): yii\base\Controller->runAction()
#11 C:\OpenServer\OpenServer\domains\localhost\docs\vendor\yiisoft\yii2\web\Application.php(103): yii\base\Module->runAction()
#12 C:\OpenServer\OpenServer\domains\localhost\docs\vendor\yiisoft\yii2\base\Application.php(384): yii\web\Application->handleRequest()
#13 C:\OpenServer\OpenServer\domains\localhost\docs\web\index.php(13): yii\base\Application->run()
#14 {main}
Additional Information:
Array
(
    [0] => 22007
    [1] => 1292
    [2] => Incorrect datetime value: '0' for column `u0457336_index_new`.`t_click`.`time` at row 1
)

2023-05-26 20:57:41 [127.0.0.1][1][jisluji5uvm1pae93b6oo803uula2vpd][info][application] $_GET = [
    'r' => 'temporary/t-click/create'
]

$_POST = [
    '_csrf' => 'xbnTWFu34zDg_dQBFvHHnrPRtQ0pdfAjBCSB2f3rr8OT1JoBHuKMdYGP4nBgw5Hn9oTaYEohklFUQMiOrN-d9g=='
    'TClick' => [
        'name' => 'Глеб'
        'time' => '0'
    ]
]

$_FILES = []

$_COOKIE = [
    'PHPSESSID' => 'jisluji5uvm1pae93b6oo803uula2vpd'
    '_identity' => '04bdd8198866bcab9f7fcb73ecfaae7e95b017a33f4f656615ae17253aa7a3bba:2:{i:0;s:9:\"_identity\";i:1;s:45:\"[1,\"PATsN8FUOCjpbl5zd80jBQgl8H94QJEf\",362400]\";}'
    '_csrf' => '409f812ba3a4d569a2a5da47fa2f51ab28bf341eec7fac6b4d422795d7619f9ca:2:{i:0;s:5:\"_csrf\";i:1;s:32:\"VmIYEUoEar6qv2VyEUomcTbrPdIWQ425\";}'
]

$_SESSION = [
    '__flash' => []
    '__returnUrl' => 'http://docs/'
    'userSessionTimeout' => 8640000
    '__id' => 1
    '__authKey' => 'PATsN8FUOCjpbl5zd80jBQgl8H94QJEf'
]

$_SERVER = [
    'HTTP_HOST' => 'docs'
    'HTTP_CONNECTION' => 'keep-alive'
    'CONTENT_LENGTH' => '159'
    'HTTP_CACHE_CONTROL' => 'max-age=0'
    'HTTP_UPGRADE_INSECURE_REQUESTS' => '1'
    'HTTP_ORIGIN' => 'http://docs'
    'CONTENT_TYPE' => 'application/x-www-form-urlencoded'
    'HTTP_USER_AGENT' => 'Mozilla/5.0 (Windows NT 10.0; Win64; x64) AppleWebKit/537.36 (KHTML, like Gecko) Chrome/113.0.0.0 Safari/537.36'
    'HTTP_ACCEPT' => 'text/html,application/xhtml+xml,application/xml;q=0.9,image/avif,image/webp,image/apng,*/*;q=0.8,application/signed-exchange;v=b3;q=0.7'
    'HTTP_REFERER' => 'http://docs/index.php?r=temporary%2Ft-click%2Fcreate'
    'HTTP_ACCEPT_ENCODING' => 'gzip, deflate'
    'HTTP_ACCEPT_LANGUAGE' => 'ru-RU,ru;q=0.9,en-US;q=0.8,en;q=0.7'
    'HTTP_COOKIE' => 'PHPSESSID=jisluji5uvm1pae93b6oo803uula2vpd; _identity=04bdd8198866bcab9f7fcb73ecfaae7e95b017a33f4f656615ae17253aa7a3bba%3A2%3A%7Bi%3A0%3Bs%3A9%3A%22_identity%22%3Bi%3A1%3Bs%3A45%3A%22%5B1%2C%22PATsN8FUOCjpbl5zd80jBQgl8H94QJEf%22%2C362400%5D%22%3B%7D; _csrf=409f812ba3a4d569a2a5da47fa2f51ab28bf341eec7fac6b4d422795d7619f9ca%3A2%3A%7Bi%3A0%3Bs%3A5%3A%22_csrf%22%3Bi%3A1%3Bs%3A32%3A%22VmIYEUoEar6qv2VyEUomcTbrPdIWQ425%22%3B%7D'
    'PATH' => 'c:\\openserver\\openserver\\modules\\php\\PHP_7.4\\ext;c:\\openserver\\openserver\\modules\\php\\PHP_7.4\\pear;c:\\openserver\\openserver\\modules\\php\\PHP_7.4\\pear\\bin;c:\\openserver\\openserver\\modules\\php\\PHP_7.4;c:\\openserver\\openserver\\modules\\wget\\bin;c:\\openserver\\openserver\\modules\\database\\MariaDB-10.3\\bin;c:\\openserver\\openserver\\modules\\http\\Apache_2.4-PHP_7.2-7.4\\bin;c:\\openserver\\openserver\\modules\\http\\Apache_2.4-PHP_7.2-7.4;C:\\Windows\\system32;C:\\Windows;C:\\Windows\\system32\\Wbem;C:\\Windows\\SysWOW64;C:\\Program Files\\nodejs\\;C:\\Windows\\system32;C:\\Windows;C:\\Windows\\System32\\Wbem;C:\\Windows\\System32\\WindowsPowerShell\\v1.0\\;C:\\Windows\\System32\\OpenSSH\\;C:\\Program Files\\Microsoft SQL Server\\150\\Tools\\Binn\\;C:\\Program Files\\Microsoft SQL Server\\Client SDK\\ODBC\\170\\Tools\\Binn\\;C:\\Program Files\\dotnet\\;C:\\Program Files (x86)\\Microsoft SQL Server\\150\\DTS\\Binn\\;C:\\Program Files\\Azure Data Studio\\bin;C:\\Program Files (x86)\\Microsoft SQL Server\\160\\Tools\\Binn\\;C:\\Program Files\\Microsoft SQL Server\\160\\Tools\\Binn\\;C:\\Program Files\\Microsoft SQL Server\\160\\DTS\\Binn\\;C:\\Program Files\\nodejs\\;C:\\Users\\user\\AppData\\Local\\Programs\\Python\\Python37\\Scripts\\;C:\\Users\\user\\AppData\\Local\\Programs\\Python\\Python37\\;C:\\Users\\user\\AppData\\Local\\Microsoft\\WindowsApps;C:\\Users\\user\\AppData\\Local\\atom\\bin;C:\\Users\\user\\.dotnet\\tools;D:\\PyCharm Community Edition 2022.2.4\\bin;C:\\Program Files\\JetBrains\\PhpStorm 2021.1.1\\bin;C:\\Users\\user\\AppData\\Roaming\\Microsoft\\Windows\\Start Menu\\Programs\\Python 3.8;C:\\Users\\user\\AppData\\Roaming\\Microsoft\\Windows\\Start Menu\\Programs\\Python 3.8\\Scripts;C:\\Users\\user\\AppData\\Roaming\\Microsoft\\Windows\\Start_Menu\\Programs\\VN_Py\\Lib\\site-packages\\PySide6\\;C:\\Users\\user\\AppData\\Roaming\\npm'
    'SystemRoot' => 'C:\\Windows'
    'COMSPEC' => 'C:\\Windows\\system32\\cmd.exe'
    'PATHEXT' => '.COM;.EXE;.BAT;.CMD;.VBS;.VBE;.JS;.JSE;.WSF;.WSH;.MSC'
    'WINDIR' => 'C:\\Windows'
    'SERVER_SIGNATURE' => ''
    'SERVER_SOFTWARE' => 'Apache'
    'SERVER_NAME' => 'docs'
    'SERVER_ADDR' => '127.0.0.1'
    'SERVER_PORT' => '80'
    'REMOTE_ADDR' => '127.0.0.1'
    'DOCUMENT_ROOT' => 'C:/OpenServer/OpenServer/domains/localhost/docs/web'
    'REQUEST_SCHEME' => 'http'
    'CONTEXT_PREFIX' => ''
    'CONTEXT_DOCUMENT_ROOT' => 'C:/OpenServer/OpenServer/domains/localhost/docs/web'
    'SERVER_ADMIN' => '[no address given]'
    'SCRIPT_FILENAME' => 'C:/OpenServer/OpenServer/domains/localhost/docs/web/index.php'
    'REMOTE_PORT' => '60112'
    'GATEWAY_INTERFACE' => 'CGI/1.1'
    'SERVER_PROTOCOL' => 'HTTP/1.1'
    'REQUEST_METHOD' => 'POST'
    'QUERY_STRING' => 'r=temporary%2Ft-click%2Fcreate'
    'REQUEST_URI' => '/index.php?r=temporary%2Ft-click%2Fcreate'
    'SCRIPT_NAME' => '/index.php'
    'PHP_SELF' => '/index.php'
    'REQUEST_TIME_FLOAT' => 1685123861.168
    'REQUEST_TIME' => 1685123861
    'argv' => [
        0 => 'r=temporary%2Ft-click%2Fcreate'
    ]
    'argc' => 1
]
2023-05-26 20:58:13 [127.0.0.1][1][jisluji5uvm1pae93b6oo803uula2vpd][error][yii\db\Exception] PDOException: SQLSTATE[22007]: Invalid datetime format: 1292 Incorrect datetime value: '1685123889' for column `u0457336_index_new`.`t_click`.`time` at row 1 in C:\OpenServer\OpenServer\domains\localhost\docs\vendor\yiisoft\yii2\db\Command.php:1302
Stack trace:
#0 C:\OpenServer\OpenServer\domains\localhost\docs\vendor\yiisoft\yii2\db\Command.php(1302): PDOStatement->execute()
#1 C:\OpenServer\OpenServer\domains\localhost\docs\vendor\yiisoft\yii2\db\Command.php(1102): yii\db\Command->internalExecute()
#2 C:\OpenServer\OpenServer\domains\localhost\docs\vendor\yiisoft\yii2\db\Schema.php(431): yii\db\Command->execute()
#3 C:\OpenServer\OpenServer\domains\localhost\docs\vendor\yiisoft\yii2\db\ActiveRecord.php(604): yii\db\Schema->insert()
#4 C:\OpenServer\OpenServer\domains\localhost\docs\vendor\yiisoft\yii2\db\ActiveRecord.php(570): yii\db\ActiveRecord->insertInternal()
#5 C:\OpenServer\OpenServer\domains\localhost\docs\vendor\yiisoft\yii2\db\BaseActiveRecord.php(676): yii\db\ActiveRecord->insert()
#6 C:\OpenServer\OpenServer\domains\localhost\docs\controllers\temporary\TClickController.php(69): yii\db\BaseActiveRecord->save()
#7 [internal function]: app\controllers\temporary\TClickController->actionCreate()
#8 C:\OpenServer\OpenServer\domains\localhost\docs\vendor\yiisoft\yii2\base\InlineAction.php(57): call_user_func_array()
#9 C:\OpenServer\OpenServer\domains\localhost\docs\vendor\yiisoft\yii2\base\Controller.php(178): yii\base\InlineAction->runWithParams()
#10 C:\OpenServer\OpenServer\domains\localhost\docs\vendor\yiisoft\yii2\base\Module.php(552): yii\base\Controller->runAction()
#11 C:\OpenServer\OpenServer\domains\localhost\docs\vendor\yiisoft\yii2\web\Application.php(103): yii\base\Module->runAction()
#12 C:\OpenServer\OpenServer\domains\localhost\docs\vendor\yiisoft\yii2\base\Application.php(384): yii\web\Application->handleRequest()
#13 C:\OpenServer\OpenServer\domains\localhost\docs\web\index.php(13): yii\base\Application->run()
#14 {main}

Next yii\db\Exception: SQLSTATE[22007]: Invalid datetime format: 1292 Incorrect datetime value: '1685123889' for column `u0457336_index_new`.`t_click`.`time` at row 1
The SQL being executed was: INSERT INTO `t_click` (`name`, `time`) VALUES ('Глеб', '1685123889') in C:\OpenServer\OpenServer\domains\localhost\docs\vendor\yiisoft\yii2\db\Schema.php:676
Stack trace:
#0 C:\OpenServer\OpenServer\domains\localhost\docs\vendor\yiisoft\yii2\db\Command.php(1307): yii\db\Schema->convertException()
#1 C:\OpenServer\OpenServer\domains\localhost\docs\vendor\yiisoft\yii2\db\Command.php(1102): yii\db\Command->internalExecute()
#2 C:\OpenServer\OpenServer\domains\localhost\docs\vendor\yiisoft\yii2\db\Schema.php(431): yii\db\Command->execute()
#3 C:\OpenServer\OpenServer\domains\localhost\docs\vendor\yiisoft\yii2\db\ActiveRecord.php(604): yii\db\Schema->insert()
#4 C:\OpenServer\OpenServer\domains\localhost\docs\vendor\yiisoft\yii2\db\ActiveRecord.php(570): yii\db\ActiveRecord->insertInternal()
#5 C:\OpenServer\OpenServer\domains\localhost\docs\vendor\yiisoft\yii2\db\BaseActiveRecord.php(676): yii\db\ActiveRecord->insert()
#6 C:\OpenServer\OpenServer\domains\localhost\docs\controllers\temporary\TClickController.php(69): yii\db\BaseActiveRecord->save()
#7 [internal function]: app\controllers\temporary\TClickController->actionCreate()
#8 C:\OpenServer\OpenServer\domains\localhost\docs\vendor\yiisoft\yii2\base\InlineAction.php(57): call_user_func_array()
#9 C:\OpenServer\OpenServer\domains\localhost\docs\vendor\yiisoft\yii2\base\Controller.php(178): yii\base\InlineAction->runWithParams()
#10 C:\OpenServer\OpenServer\domains\localhost\docs\vendor\yiisoft\yii2\base\Module.php(552): yii\base\Controller->runAction()
#11 C:\OpenServer\OpenServer\domains\localhost\docs\vendor\yiisoft\yii2\web\Application.php(103): yii\base\Module->runAction()
#12 C:\OpenServer\OpenServer\domains\localhost\docs\vendor\yiisoft\yii2\base\Application.php(384): yii\web\Application->handleRequest()
#13 C:\OpenServer\OpenServer\domains\localhost\docs\web\index.php(13): yii\base\Application->run()
#14 {main}
Additional Information:
Array
(
    [0] => 22007
    [1] => 1292
    [2] => Incorrect datetime value: '1685123889' for column `u0457336_index_new`.`t_click`.`time` at row 1
)

2023-05-26 20:58:13 [127.0.0.1][1][jisluji5uvm1pae93b6oo803uula2vpd][info][application] $_GET = [
    'r' => 'temporary/t-click/create'
]

$_POST = [
    '_csrf' => 'zgmKejo7jFhEu2OkCarqgWs3H-aNFPgig9505Gkc1wuYZMMjf27jHSXJVdV_mLz4LmJwi-5AmlDTuj2zOCjlPg=='
    'TClick' => [
        'name' => 'Глеб'
        'time' => '1685123889'
    ]
]

$_FILES = []

$_COOKIE = [
    'PHPSESSID' => 'jisluji5uvm1pae93b6oo803uula2vpd'
    '_identity' => '04bdd8198866bcab9f7fcb73ecfaae7e95b017a33f4f656615ae17253aa7a3bba:2:{i:0;s:9:\"_identity\";i:1;s:45:\"[1,\"PATsN8FUOCjpbl5zd80jBQgl8H94QJEf\",362400]\";}'
    '_csrf' => '409f812ba3a4d569a2a5da47fa2f51ab28bf341eec7fac6b4d422795d7619f9ca:2:{i:0;s:5:\"_csrf\";i:1;s:32:\"VmIYEUoEar6qv2VyEUomcTbrPdIWQ425\";}'
]

$_SESSION = [
    '__flash' => []
    '__returnUrl' => 'http://docs/'
    'userSessionTimeout' => 8640000
    '__id' => 1
    '__authKey' => 'PATsN8FUOCjpbl5zd80jBQgl8H94QJEf'
]

$_SERVER = [
    'HTTP_HOST' => 'docs'
    'HTTP_CONNECTION' => 'keep-alive'
    'CONTENT_LENGTH' => '168'
    'HTTP_CACHE_CONTROL' => 'max-age=0'
    'HTTP_UPGRADE_INSECURE_REQUESTS' => '1'
    'HTTP_ORIGIN' => 'http://docs'
    'CONTENT_TYPE' => 'application/x-www-form-urlencoded'
    'HTTP_USER_AGENT' => 'Mozilla/5.0 (Windows NT 10.0; Win64; x64) AppleWebKit/537.36 (KHTML, like Gecko) Chrome/113.0.0.0 Safari/537.36'
    'HTTP_ACCEPT' => 'text/html,application/xhtml+xml,application/xml;q=0.9,image/avif,image/webp,image/apng,*/*;q=0.8,application/signed-exchange;v=b3;q=0.7'
    'HTTP_REFERER' => 'http://docs/index.php?r=temporary%2Ft-click%2Fcreate'
    'HTTP_ACCEPT_ENCODING' => 'gzip, deflate'
    'HTTP_ACCEPT_LANGUAGE' => 'ru-RU,ru;q=0.9,en-US;q=0.8,en;q=0.7'
    'HTTP_COOKIE' => 'PHPSESSID=jisluji5uvm1pae93b6oo803uula2vpd; _identity=04bdd8198866bcab9f7fcb73ecfaae7e95b017a33f4f656615ae17253aa7a3bba%3A2%3A%7Bi%3A0%3Bs%3A9%3A%22_identity%22%3Bi%3A1%3Bs%3A45%3A%22%5B1%2C%22PATsN8FUOCjpbl5zd80jBQgl8H94QJEf%22%2C362400%5D%22%3B%7D; _csrf=409f812ba3a4d569a2a5da47fa2f51ab28bf341eec7fac6b4d422795d7619f9ca%3A2%3A%7Bi%3A0%3Bs%3A5%3A%22_csrf%22%3Bi%3A1%3Bs%3A32%3A%22VmIYEUoEar6qv2VyEUomcTbrPdIWQ425%22%3B%7D'
    'PATH' => 'c:\\openserver\\openserver\\modules\\php\\PHP_7.4\\ext;c:\\openserver\\openserver\\modules\\php\\PHP_7.4\\pear;c:\\openserver\\openserver\\modules\\php\\PHP_7.4\\pear\\bin;c:\\openserver\\openserver\\modules\\php\\PHP_7.4;c:\\openserver\\openserver\\modules\\wget\\bin;c:\\openserver\\openserver\\modules\\database\\MariaDB-10.3\\bin;c:\\openserver\\openserver\\modules\\http\\Apache_2.4-PHP_7.2-7.4\\bin;c:\\openserver\\openserver\\modules\\http\\Apache_2.4-PHP_7.2-7.4;C:\\Windows\\system32;C:\\Windows;C:\\Windows\\system32\\Wbem;C:\\Windows\\SysWOW64;C:\\Program Files\\nodejs\\;C:\\Windows\\system32;C:\\Windows;C:\\Windows\\System32\\Wbem;C:\\Windows\\System32\\WindowsPowerShell\\v1.0\\;C:\\Windows\\System32\\OpenSSH\\;C:\\Program Files\\Microsoft SQL Server\\150\\Tools\\Binn\\;C:\\Program Files\\Microsoft SQL Server\\Client SDK\\ODBC\\170\\Tools\\Binn\\;C:\\Program Files\\dotnet\\;C:\\Program Files (x86)\\Microsoft SQL Server\\150\\DTS\\Binn\\;C:\\Program Files\\Azure Data Studio\\bin;C:\\Program Files (x86)\\Microsoft SQL Server\\160\\Tools\\Binn\\;C:\\Program Files\\Microsoft SQL Server\\160\\Tools\\Binn\\;C:\\Program Files\\Microsoft SQL Server\\160\\DTS\\Binn\\;C:\\Program Files\\nodejs\\;C:\\Users\\user\\AppData\\Local\\Programs\\Python\\Python37\\Scripts\\;C:\\Users\\user\\AppData\\Local\\Programs\\Python\\Python37\\;C:\\Users\\user\\AppData\\Local\\Microsoft\\WindowsApps;C:\\Users\\user\\AppData\\Local\\atom\\bin;C:\\Users\\user\\.dotnet\\tools;D:\\PyCharm Community Edition 2022.2.4\\bin;C:\\Program Files\\JetBrains\\PhpStorm 2021.1.1\\bin;C:\\Users\\user\\AppData\\Roaming\\Microsoft\\Windows\\Start Menu\\Programs\\Python 3.8;C:\\Users\\user\\AppData\\Roaming\\Microsoft\\Windows\\Start Menu\\Programs\\Python 3.8\\Scripts;C:\\Users\\user\\AppData\\Roaming\\Microsoft\\Windows\\Start_Menu\\Programs\\VN_Py\\Lib\\site-packages\\PySide6\\;C:\\Users\\user\\AppData\\Roaming\\npm'
    'SystemRoot' => 'C:\\Windows'
    'COMSPEC' => 'C:\\Windows\\system32\\cmd.exe'
    'PATHEXT' => '.COM;.EXE;.BAT;.CMD;.VBS;.VBE;.JS;.JSE;.WSF;.WSH;.MSC'
    'WINDIR' => 'C:\\Windows'
    'SERVER_SIGNATURE' => ''
    'SERVER_SOFTWARE' => 'Apache'
    'SERVER_NAME' => 'docs'
    'SERVER_ADDR' => '127.0.0.1'
    'SERVER_PORT' => '80'
    'REMOTE_ADDR' => '127.0.0.1'
    'DOCUMENT_ROOT' => 'C:/OpenServer/OpenServer/domains/localhost/docs/web'
    'REQUEST_SCHEME' => 'http'
    'CONTEXT_PREFIX' => ''
    'CONTEXT_DOCUMENT_ROOT' => 'C:/OpenServer/OpenServer/domains/localhost/docs/web'
    'SERVER_ADMIN' => '[no address given]'
    'SCRIPT_FILENAME' => 'C:/OpenServer/OpenServer/domains/localhost/docs/web/index.php'
    'REMOTE_PORT' => '60116'
    'GATEWAY_INTERFACE' => 'CGI/1.1'
    'SERVER_PROTOCOL' => 'HTTP/1.1'
    'REQUEST_METHOD' => 'POST'
    'QUERY_STRING' => 'r=temporary%2Ft-click%2Fcreate'
    'REQUEST_URI' => '/index.php?r=temporary%2Ft-click%2Fcreate'
    'SCRIPT_NAME' => '/index.php'
    'PHP_SELF' => '/index.php'
    'REQUEST_TIME_FLOAT' => 1685123893.662
    'REQUEST_TIME' => 1685123893
    'argv' => [
        0 => 'r=temporary%2Ft-click%2Fcreate'
    ]
    'argc' => 1
]
2023-05-26 21:12:00 [127.0.0.1][1][jisluji5uvm1pae93b6oo803uula2vpd][error][yii\base\ErrorException:64] yii\base\ErrorException: Cannot use app\models\temporary\TClick as TClick because the name is already in use in C:\OpenServer\OpenServer\domains\localhost\docs\controllers\temporary\TClickController.php:12
Stack trace:
#0 [internal function]: yii\base\ErrorHandler->handleFatalError()
#1 {main}
2023-05-26 21:12:00 [127.0.0.1][1][jisluji5uvm1pae93b6oo803uula2vpd][info][application] $_GET = [
    'r' => 'temporary/t-click/update'
    'id' => '1'
]

$_POST = []

$_FILES = []

$_COOKIE = [
    'PHPSESSID' => 'jisluji5uvm1pae93b6oo803uula2vpd'
    '_identity' => '04bdd8198866bcab9f7fcb73ecfaae7e95b017a33f4f656615ae17253aa7a3bba:2:{i:0;s:9:\"_identity\";i:1;s:45:\"[1,\"PATsN8FUOCjpbl5zd80jBQgl8H94QJEf\",362400]\";}'
    '_csrf' => '409f812ba3a4d569a2a5da47fa2f51ab28bf341eec7fac6b4d422795d7619f9ca:2:{i:0;s:5:\"_csrf\";i:1;s:32:\"VmIYEUoEar6qv2VyEUomcTbrPdIWQ425\";}'
]

$_SESSION = [
    '__flash' => []
    '__returnUrl' => 'http://docs/'
    'userSessionTimeout' => 8640000
    '__id' => 1
    '__authKey' => 'PATsN8FUOCjpbl5zd80jBQgl8H94QJEf'
]

$_SERVER = [
    'HTTP_HOST' => 'docs'
    'HTTP_CONNECTION' => 'keep-alive'
    'HTTP_CACHE_CONTROL' => 'max-age=0'
    'HTTP_UPGRADE_INSECURE_REQUESTS' => '1'
    'HTTP_USER_AGENT' => 'Mozilla/5.0 (Windows NT 10.0; Win64; x64) AppleWebKit/537.36 (KHTML, like Gecko) Chrome/113.0.0.0 Safari/537.36'
    'HTTP_ACCEPT' => 'text/html,application/xhtml+xml,application/xml;q=0.9,image/avif,image/webp,image/apng,*/*;q=0.8,application/signed-exchange;v=b3;q=0.7'
    'HTTP_REFERER' => 'http://docs/index.php?r=temporary%2Ft-click%2Fview&id=1'
    'HTTP_ACCEPT_ENCODING' => 'gzip, deflate'
    'HTTP_ACCEPT_LANGUAGE' => 'ru-RU,ru;q=0.9,en-US;q=0.8,en;q=0.7'
    'HTTP_COOKIE' => 'PHPSESSID=jisluji5uvm1pae93b6oo803uula2vpd; _identity=04bdd8198866bcab9f7fcb73ecfaae7e95b017a33f4f656615ae17253aa7a3bba%3A2%3A%7Bi%3A0%3Bs%3A9%3A%22_identity%22%3Bi%3A1%3Bs%3A45%3A%22%5B1%2C%22PATsN8FUOCjpbl5zd80jBQgl8H94QJEf%22%2C362400%5D%22%3B%7D; _csrf=409f812ba3a4d569a2a5da47fa2f51ab28bf341eec7fac6b4d422795d7619f9ca%3A2%3A%7Bi%3A0%3Bs%3A5%3A%22_csrf%22%3Bi%3A1%3Bs%3A32%3A%22VmIYEUoEar6qv2VyEUomcTbrPdIWQ425%22%3B%7D'
    'PATH' => 'c:\\openserver\\openserver\\modules\\php\\PHP_7.4\\ext;c:\\openserver\\openserver\\modules\\php\\PHP_7.4\\pear;c:\\openserver\\openserver\\modules\\php\\PHP_7.4\\pear\\bin;c:\\openserver\\openserver\\modules\\php\\PHP_7.4;c:\\openserver\\openserver\\modules\\wget\\bin;c:\\openserver\\openserver\\modules\\database\\MariaDB-10.3\\bin;c:\\openserver\\openserver\\modules\\http\\Apache_2.4-PHP_7.2-7.4\\bin;c:\\openserver\\openserver\\modules\\http\\Apache_2.4-PHP_7.2-7.4;C:\\Windows\\system32;C:\\Windows;C:\\Windows\\system32\\Wbem;C:\\Windows\\SysWOW64;C:\\Program Files\\nodejs\\;C:\\Windows\\system32;C:\\Windows;C:\\Windows\\System32\\Wbem;C:\\Windows\\System32\\WindowsPowerShell\\v1.0\\;C:\\Windows\\System32\\OpenSSH\\;C:\\Program Files\\Microsoft SQL Server\\150\\Tools\\Binn\\;C:\\Program Files\\Microsoft SQL Server\\Client SDK\\ODBC\\170\\Tools\\Binn\\;C:\\Program Files\\dotnet\\;C:\\Program Files (x86)\\Microsoft SQL Server\\150\\DTS\\Binn\\;C:\\Program Files\\Azure Data Studio\\bin;C:\\Program Files (x86)\\Microsoft SQL Server\\160\\Tools\\Binn\\;C:\\Program Files\\Microsoft SQL Server\\160\\Tools\\Binn\\;C:\\Program Files\\Microsoft SQL Server\\160\\DTS\\Binn\\;C:\\Program Files\\nodejs\\;C:\\Users\\user\\AppData\\Local\\Programs\\Python\\Python37\\Scripts\\;C:\\Users\\user\\AppData\\Local\\Programs\\Python\\Python37\\;C:\\Users\\user\\AppData\\Local\\Microsoft\\WindowsApps;C:\\Users\\user\\AppData\\Local\\atom\\bin;C:\\Users\\user\\.dotnet\\tools;D:\\PyCharm Community Edition 2022.2.4\\bin;C:\\Program Files\\JetBrains\\PhpStorm 2021.1.1\\bin;C:\\Users\\user\\AppData\\Roaming\\Microsoft\\Windows\\Start Menu\\Programs\\Python 3.8;C:\\Users\\user\\AppData\\Roaming\\Microsoft\\Windows\\Start Menu\\Programs\\Python 3.8\\Scripts;C:\\Users\\user\\AppData\\Roaming\\Microsoft\\Windows\\Start_Menu\\Programs\\VN_Py\\Lib\\site-packages\\PySide6\\;C:\\Users\\user\\AppData\\Roaming\\npm'
    'SystemRoot' => 'C:\\Windows'
    'COMSPEC' => 'C:\\Windows\\system32\\cmd.exe'
    'PATHEXT' => '.COM;.EXE;.BAT;.CMD;.VBS;.VBE;.JS;.JSE;.WSF;.WSH;.MSC'
    'WINDIR' => 'C:\\Windows'
    'SERVER_SIGNATURE' => ''
    'SERVER_SOFTWARE' => 'Apache'
    'SERVER_NAME' => 'docs'
    'SERVER_ADDR' => '127.0.0.1'
    'SERVER_PORT' => '80'
    'REMOTE_ADDR' => '127.0.0.1'
    'DOCUMENT_ROOT' => 'C:/OpenServer/OpenServer/domains/localhost/docs/web'
    'REQUEST_SCHEME' => 'http'
    'CONTEXT_PREFIX' => ''
    'CONTEXT_DOCUMENT_ROOT' => 'C:/OpenServer/OpenServer/domains/localhost/docs/web'
    'SERVER_ADMIN' => '[no address given]'
    'SCRIPT_FILENAME' => 'C:/OpenServer/OpenServer/domains/localhost/docs/web/index.php'
    'REMOTE_PORT' => '56981'
    'GATEWAY_INTERFACE' => 'CGI/1.1'
    'SERVER_PROTOCOL' => 'HTTP/1.1'
    'REQUEST_METHOD' => 'GET'
    'QUERY_STRING' => 'r=temporary%2Ft-click%2Fupdate&id=1'
    'REQUEST_URI' => '/index.php?r=temporary%2Ft-click%2Fupdate&id=1'
    'SCRIPT_NAME' => '/index.php'
    'PHP_SELF' => '/index.php'
    'REQUEST_TIME_FLOAT' => 1685124720.687
    'REQUEST_TIME' => 1685124720
    'argv' => [
        0 => 'r=temporary%2Ft-click%2Fupdate&id=1'
    ]
    'argc' => 1
]
2023-05-26 21:12:01 [127.0.0.1][1][jisluji5uvm1pae93b6oo803uula2vpd][error][yii\base\ErrorException:64] yii\base\ErrorException: Cannot use app\models\temporary\TClick as TClick because the name is already in use in C:\OpenServer\OpenServer\domains\localhost\docs\controllers\temporary\TClickController.php:12
Stack trace:
#0 [internal function]: yii\base\ErrorHandler->handleFatalError()
#1 {main}
2023-05-26 21:12:01 [127.0.0.1][1][jisluji5uvm1pae93b6oo803uula2vpd][info][application] $_GET = [
    'r' => 'temporary/t-click/view'
    'id' => '1'
]

$_POST = []

$_FILES = []

$_COOKIE = [
    'PHPSESSID' => 'jisluji5uvm1pae93b6oo803uula2vpd'
    '_identity' => '04bdd8198866bcab9f7fcb73ecfaae7e95b017a33f4f656615ae17253aa7a3bba:2:{i:0;s:9:\"_identity\";i:1;s:45:\"[1,\"PATsN8FUOCjpbl5zd80jBQgl8H94QJEf\",362400]\";}'
    '_csrf' => '409f812ba3a4d569a2a5da47fa2f51ab28bf341eec7fac6b4d422795d7619f9ca:2:{i:0;s:5:\"_csrf\";i:1;s:32:\"VmIYEUoEar6qv2VyEUomcTbrPdIWQ425\";}'
]

$_SESSION = [
    '__flash' => []
    '__returnUrl' => 'http://docs/'
    'userSessionTimeout' => 8640000
    '__id' => 1
    '__authKey' => 'PATsN8FUOCjpbl5zd80jBQgl8H94QJEf'
]

$_SERVER = [
    'HTTP_HOST' => 'docs'
    'HTTP_CONNECTION' => 'keep-alive'
    'HTTP_UPGRADE_INSECURE_REQUESTS' => '1'
    'HTTP_USER_AGENT' => 'Mozilla/5.0 (Windows NT 10.0; Win64; x64) AppleWebKit/537.36 (KHTML, like Gecko) Chrome/113.0.0.0 Safari/537.36'
    'HTTP_ACCEPT' => 'text/html,application/xhtml+xml,application/xml;q=0.9,image/avif,image/webp,image/apng,*/*;q=0.8,application/signed-exchange;v=b3;q=0.7'
    'HTTP_REFERER' => 'http://docs/index.php?r=temporary%2Ft-click%2Findex'
    'HTTP_ACCEPT_ENCODING' => 'gzip, deflate'
    'HTTP_ACCEPT_LANGUAGE' => 'ru-RU,ru;q=0.9,en-US;q=0.8,en;q=0.7'
    'HTTP_COOKIE' => 'PHPSESSID=jisluji5uvm1pae93b6oo803uula2vpd; _identity=04bdd8198866bcab9f7fcb73ecfaae7e95b017a33f4f656615ae17253aa7a3bba%3A2%3A%7Bi%3A0%3Bs%3A9%3A%22_identity%22%3Bi%3A1%3Bs%3A45%3A%22%5B1%2C%22PATsN8FUOCjpbl5zd80jBQgl8H94QJEf%22%2C362400%5D%22%3B%7D; _csrf=409f812ba3a4d569a2a5da47fa2f51ab28bf341eec7fac6b4d422795d7619f9ca%3A2%3A%7Bi%3A0%3Bs%3A5%3A%22_csrf%22%3Bi%3A1%3Bs%3A32%3A%22VmIYEUoEar6qv2VyEUomcTbrPdIWQ425%22%3B%7D'
    'PATH' => 'c:\\openserver\\openserver\\modules\\php\\PHP_7.4\\ext;c:\\openserver\\openserver\\modules\\php\\PHP_7.4\\pear;c:\\openserver\\openserver\\modules\\php\\PHP_7.4\\pear\\bin;c:\\openserver\\openserver\\modules\\php\\PHP_7.4;c:\\openserver\\openserver\\modules\\wget\\bin;c:\\openserver\\openserver\\modules\\database\\MariaDB-10.3\\bin;c:\\openserver\\openserver\\modules\\http\\Apache_2.4-PHP_7.2-7.4\\bin;c:\\openserver\\openserver\\modules\\http\\Apache_2.4-PHP_7.2-7.4;C:\\Windows\\system32;C:\\Windows;C:\\Windows\\system32\\Wbem;C:\\Windows\\SysWOW64;C:\\Program Files\\nodejs\\;C:\\Windows\\system32;C:\\Windows;C:\\Windows\\System32\\Wbem;C:\\Windows\\System32\\WindowsPowerShell\\v1.0\\;C:\\Windows\\System32\\OpenSSH\\;C:\\Program Files\\Microsoft SQL Server\\150\\Tools\\Binn\\;C:\\Program Files\\Microsoft SQL Server\\Client SDK\\ODBC\\170\\Tools\\Binn\\;C:\\Program Files\\dotnet\\;C:\\Program Files (x86)\\Microsoft SQL Server\\150\\DTS\\Binn\\;C:\\Program Files\\Azure Data Studio\\bin;C:\\Program Files (x86)\\Microsoft SQL Server\\160\\Tools\\Binn\\;C:\\Program Files\\Microsoft SQL Server\\160\\Tools\\Binn\\;C:\\Program Files\\Microsoft SQL Server\\160\\DTS\\Binn\\;C:\\Program Files\\nodejs\\;C:\\Users\\user\\AppData\\Local\\Programs\\Python\\Python37\\Scripts\\;C:\\Users\\user\\AppData\\Local\\Programs\\Python\\Python37\\;C:\\Users\\user\\AppData\\Local\\Microsoft\\WindowsApps;C:\\Users\\user\\AppData\\Local\\atom\\bin;C:\\Users\\user\\.dotnet\\tools;D:\\PyCharm Community Edition 2022.2.4\\bin;C:\\Program Files\\JetBrains\\PhpStorm 2021.1.1\\bin;C:\\Users\\user\\AppData\\Roaming\\Microsoft\\Windows\\Start Menu\\Programs\\Python 3.8;C:\\Users\\user\\AppData\\Roaming\\Microsoft\\Windows\\Start Menu\\Programs\\Python 3.8\\Scripts;C:\\Users\\user\\AppData\\Roaming\\Microsoft\\Windows\\Start_Menu\\Programs\\VN_Py\\Lib\\site-packages\\PySide6\\;C:\\Users\\user\\AppData\\Roaming\\npm'
    'SystemRoot' => 'C:\\Windows'
    'COMSPEC' => 'C:\\Windows\\system32\\cmd.exe'
    'PATHEXT' => '.COM;.EXE;.BAT;.CMD;.VBS;.VBE;.JS;.JSE;.WSF;.WSH;.MSC'
    'WINDIR' => 'C:\\Windows'
    'SERVER_SIGNATURE' => ''
    'SERVER_SOFTWARE' => 'Apache'
    'SERVER_NAME' => 'docs'
    'SERVER_ADDR' => '127.0.0.1'
    'SERVER_PORT' => '80'
    'REMOTE_ADDR' => '127.0.0.1'
    'DOCUMENT_ROOT' => 'C:/OpenServer/OpenServer/domains/localhost/docs/web'
    'REQUEST_SCHEME' => 'http'
    'CONTEXT_PREFIX' => ''
    'CONTEXT_DOCUMENT_ROOT' => 'C:/OpenServer/OpenServer/domains/localhost/docs/web'
    'SERVER_ADMIN' => '[no address given]'
    'SCRIPT_FILENAME' => 'C:/OpenServer/OpenServer/domains/localhost/docs/web/index.php'
    'REMOTE_PORT' => '56983'
    'GATEWAY_INTERFACE' => 'CGI/1.1'
    'SERVER_PROTOCOL' => 'HTTP/1.1'
    'REQUEST_METHOD' => 'GET'
    'QUERY_STRING' => 'r=temporary%2Ft-click%2Fview&id=1'
    'REQUEST_URI' => '/index.php?r=temporary%2Ft-click%2Fview&id=1'
    'SCRIPT_NAME' => '/index.php'
    'PHP_SELF' => '/index.php'
    'REQUEST_TIME_FLOAT' => 1685124721.902
    'REQUEST_TIME' => 1685124721
    'argv' => [
        0 => 'r=temporary%2Ft-click%2Fview&id=1'
    ]
    'argc' => 1
]
2023-05-26 21:12:12 [127.0.0.1][1][jisluji5uvm1pae93b6oo803uula2vpd][error][yii\web\HttpException:400] yii\web\BadRequestHttpException: Отсутствуют обязательные параметры: id in C:\OpenServer\OpenServer\domains\localhost\docs\vendor\yiisoft\yii2\web\Controller.php:201
Stack trace:
#0 C:\OpenServer\OpenServer\domains\localhost\docs\vendor\yiisoft\yii2\base\InlineAction.php(51): yii\web\Controller->bindActionParams()
#1 C:\OpenServer\OpenServer\domains\localhost\docs\vendor\yiisoft\yii2\base\Controller.php(178): yii\base\InlineAction->runWithParams()
#2 C:\OpenServer\OpenServer\domains\localhost\docs\vendor\yiisoft\yii2\base\Module.php(552): yii\base\Controller->runAction()
#3 C:\OpenServer\OpenServer\domains\localhost\docs\vendor\yiisoft\yii2\web\Application.php(103): yii\base\Module->runAction()
#4 C:\OpenServer\OpenServer\domains\localhost\docs\vendor\yiisoft\yii2\base\Application.php(384): yii\web\Application->handleRequest()
#5 C:\OpenServer\OpenServer\domains\localhost\docs\web\index.php(13): yii\base\Application->run()
#6 {main}
2023-05-26 21:12:12 [127.0.0.1][1][jisluji5uvm1pae93b6oo803uula2vpd][info][application] $_GET = [
    'r' => 'temporary/t-click/view'
]

$_POST = []

$_FILES = []

$_COOKIE = [
    'PHPSESSID' => 'jisluji5uvm1pae93b6oo803uula2vpd'
    '_identity' => '04bdd8198866bcab9f7fcb73ecfaae7e95b017a33f4f656615ae17253aa7a3bba:2:{i:0;s:9:\"_identity\";i:1;s:45:\"[1,\"PATsN8FUOCjpbl5zd80jBQgl8H94QJEf\",362400]\";}'
    '_csrf' => '409f812ba3a4d569a2a5da47fa2f51ab28bf341eec7fac6b4d422795d7619f9ca:2:{i:0;s:5:\"_csrf\";i:1;s:32:\"VmIYEUoEar6qv2VyEUomcTbrPdIWQ425\";}'
]

$_SESSION = [
    '__flash' => []
    '__returnUrl' => 'http://docs/'
    'userSessionTimeout' => 8640000
    '__id' => 1
    '__authKey' => 'PATsN8FUOCjpbl5zd80jBQgl8H94QJEf'
]

$_SERVER = [
    'HTTP_HOST' => 'docs'
    'HTTP_CONNECTION' => 'keep-alive'
    'HTTP_UPGRADE_INSECURE_REQUESTS' => '1'
    'HTTP_USER_AGENT' => 'Mozilla/5.0 (Windows NT 10.0; Win64; x64) AppleWebKit/537.36 (KHTML, like Gecko) Chrome/113.0.0.0 Safari/537.36'
    'HTTP_ACCEPT' => 'text/html,application/xhtml+xml,application/xml;q=0.9,image/avif,image/webp,image/apng,*/*;q=0.8,application/signed-exchange;v=b3;q=0.7'
    'HTTP_REFERER' => 'http://docs/index.php?r=temporary%2Ft-click%2Fview&id=1'
    'HTTP_ACCEPT_ENCODING' => 'gzip, deflate'
    'HTTP_ACCEPT_LANGUAGE' => 'ru-RU,ru;q=0.9,en-US;q=0.8,en;q=0.7'
    'HTTP_COOKIE' => 'PHPSESSID=jisluji5uvm1pae93b6oo803uula2vpd; _identity=04bdd8198866bcab9f7fcb73ecfaae7e95b017a33f4f656615ae17253aa7a3bba%3A2%3A%7Bi%3A0%3Bs%3A9%3A%22_identity%22%3Bi%3A1%3Bs%3A45%3A%22%5B1%2C%22PATsN8FUOCjpbl5zd80jBQgl8H94QJEf%22%2C362400%5D%22%3B%7D; _csrf=409f812ba3a4d569a2a5da47fa2f51ab28bf341eec7fac6b4d422795d7619f9ca%3A2%3A%7Bi%3A0%3Bs%3A5%3A%22_csrf%22%3Bi%3A1%3Bs%3A32%3A%22VmIYEUoEar6qv2VyEUomcTbrPdIWQ425%22%3B%7D'
    'PATH' => 'c:\\openserver\\openserver\\modules\\php\\PHP_7.4\\ext;c:\\openserver\\openserver\\modules\\php\\PHP_7.4\\pear;c:\\openserver\\openserver\\modules\\php\\PHP_7.4\\pear\\bin;c:\\openserver\\openserver\\modules\\php\\PHP_7.4;c:\\openserver\\openserver\\modules\\wget\\bin;c:\\openserver\\openserver\\modules\\database\\MariaDB-10.3\\bin;c:\\openserver\\openserver\\modules\\http\\Apache_2.4-PHP_7.2-7.4\\bin;c:\\openserver\\openserver\\modules\\http\\Apache_2.4-PHP_7.2-7.4;C:\\Windows\\system32;C:\\Windows;C:\\Windows\\system32\\Wbem;C:\\Windows\\SysWOW64;C:\\Program Files\\nodejs\\;C:\\Windows\\system32;C:\\Windows;C:\\Windows\\System32\\Wbem;C:\\Windows\\System32\\WindowsPowerShell\\v1.0\\;C:\\Windows\\System32\\OpenSSH\\;C:\\Program Files\\Microsoft SQL Server\\150\\Tools\\Binn\\;C:\\Program Files\\Microsoft SQL Server\\Client SDK\\ODBC\\170\\Tools\\Binn\\;C:\\Program Files\\dotnet\\;C:\\Program Files (x86)\\Microsoft SQL Server\\150\\DTS\\Binn\\;C:\\Program Files\\Azure Data Studio\\bin;C:\\Program Files (x86)\\Microsoft SQL Server\\160\\Tools\\Binn\\;C:\\Program Files\\Microsoft SQL Server\\160\\Tools\\Binn\\;C:\\Program Files\\Microsoft SQL Server\\160\\DTS\\Binn\\;C:\\Program Files\\nodejs\\;C:\\Users\\user\\AppData\\Local\\Programs\\Python\\Python37\\Scripts\\;C:\\Users\\user\\AppData\\Local\\Programs\\Python\\Python37\\;C:\\Users\\user\\AppData\\Local\\Microsoft\\WindowsApps;C:\\Users\\user\\AppData\\Local\\atom\\bin;C:\\Users\\user\\.dotnet\\tools;D:\\PyCharm Community Edition 2022.2.4\\bin;C:\\Program Files\\JetBrains\\PhpStorm 2021.1.1\\bin;C:\\Users\\user\\AppData\\Roaming\\Microsoft\\Windows\\Start Menu\\Programs\\Python 3.8;C:\\Users\\user\\AppData\\Roaming\\Microsoft\\Windows\\Start Menu\\Programs\\Python 3.8\\Scripts;C:\\Users\\user\\AppData\\Roaming\\Microsoft\\Windows\\Start_Menu\\Programs\\VN_Py\\Lib\\site-packages\\PySide6\\;C:\\Users\\user\\AppData\\Roaming\\npm'
    'SystemRoot' => 'C:\\Windows'
    'COMSPEC' => 'C:\\Windows\\system32\\cmd.exe'
    'PATHEXT' => '.COM;.EXE;.BAT;.CMD;.VBS;.VBE;.JS;.JSE;.WSF;.WSH;.MSC'
    'WINDIR' => 'C:\\Windows'
    'SERVER_SIGNATURE' => ''
    'SERVER_SOFTWARE' => 'Apache'
    'SERVER_NAME' => 'docs'
    'SERVER_ADDR' => '127.0.0.1'
    'SERVER_PORT' => '80'
    'REMOTE_ADDR' => '127.0.0.1'
    'DOCUMENT_ROOT' => 'C:/OpenServer/OpenServer/domains/localhost/docs/web'
    'REQUEST_SCHEME' => 'http'
    'CONTEXT_PREFIX' => ''
    'CONTEXT_DOCUMENT_ROOT' => 'C:/OpenServer/OpenServer/domains/localhost/docs/web'
    'SERVER_ADMIN' => '[no address given]'
    'SCRIPT_FILENAME' => 'C:/OpenServer/OpenServer/domains/localhost/docs/web/index.php'
    'REMOTE_PORT' => '57010'
    'GATEWAY_INTERFACE' => 'CGI/1.1'
    'SERVER_PROTOCOL' => 'HTTP/1.1'
    'REQUEST_METHOD' => 'GET'
    'QUERY_STRING' => 'r=temporary%2Ft-click%2Fview'
    'REQUEST_URI' => '/index.php?r=temporary%2Ft-click%2Fview'
    'SCRIPT_NAME' => '/index.php'
    'PHP_SELF' => '/index.php'
    'REQUEST_TIME_FLOAT' => 1685124732.075
    'REQUEST_TIME' => 1685124732
    'argv' => [
        0 => 'r=temporary%2Ft-click%2Fview'
    ]
    'argc' => 1
]
2023-05-26 21:18:09 [127.0.0.1][1][jisluji5uvm1pae93b6oo803uula2vpd][error][yii\web\HttpException:404] yii\base\InvalidRouteException: Unable to resolve the request: temporary/t-click/break in C:\OpenServer\OpenServer\domains\localhost\docs\vendor\yiisoft\yii2\base\Controller.php:149
Stack trace:
#0 C:\OpenServer\OpenServer\domains\localhost\docs\vendor\yiisoft\yii2\base\Module.php(552): yii\base\Controller->runAction()
#1 C:\OpenServer\OpenServer\domains\localhost\docs\vendor\yiisoft\yii2\web\Application.php(103): yii\base\Module->runAction()
#2 C:\OpenServer\OpenServer\domains\localhost\docs\vendor\yiisoft\yii2\base\Application.php(384): yii\web\Application->handleRequest()
#3 C:\OpenServer\OpenServer\domains\localhost\docs\web\index.php(13): yii\base\Application->run()
#4 {main}

Next yii\web\NotFoundHttpException: Страница не найдена. in C:\OpenServer\OpenServer\domains\localhost\docs\vendor\yiisoft\yii2\web\Application.php:115
Stack trace:
#0 C:\OpenServer\OpenServer\domains\localhost\docs\vendor\yiisoft\yii2\base\Application.php(384): yii\web\Application->handleRequest()
#1 C:\OpenServer\OpenServer\domains\localhost\docs\web\index.php(13): yii\base\Application->run()
#2 {main}
2023-05-26 21:18:09 [127.0.0.1][1][jisluji5uvm1pae93b6oo803uula2vpd][info][application] $_GET = [
    'r' => 'temporary/t-click/break'
]

$_POST = []

$_FILES = []

$_COOKIE = [
    'PHPSESSID' => 'jisluji5uvm1pae93b6oo803uula2vpd'
    '_identity' => '04bdd8198866bcab9f7fcb73ecfaae7e95b017a33f4f656615ae17253aa7a3bba:2:{i:0;s:9:\"_identity\";i:1;s:45:\"[1,\"PATsN8FUOCjpbl5zd80jBQgl8H94QJEf\",362400]\";}'
    '_csrf' => '409f812ba3a4d569a2a5da47fa2f51ab28bf341eec7fac6b4d422795d7619f9ca:2:{i:0;s:5:\"_csrf\";i:1;s:32:\"VmIYEUoEar6qv2VyEUomcTbrPdIWQ425\";}'
]

$_SESSION = [
    '__flash' => []
    '__returnUrl' => 'http://docs/'
    'userSessionTimeout' => 8640000
    '__id' => 1
    '__authKey' => 'PATsN8FUOCjpbl5zd80jBQgl8H94QJEf'
]

$_SERVER = [
    'HTTP_HOST' => 'docs'
    'HTTP_CONNECTION' => 'keep-alive'
    'HTTP_UPGRADE_INSECURE_REQUESTS' => '1'
    'HTTP_USER_AGENT' => 'Mozilla/5.0 (Windows NT 10.0; Win64; x64) AppleWebKit/537.36 (KHTML, like Gecko) Chrome/113.0.0.0 Safari/537.36'
    'HTTP_ACCEPT' => 'text/html,application/xhtml+xml,application/xml;q=0.9,image/avif,image/webp,image/apng,*/*;q=0.8,application/signed-exchange;v=b3;q=0.7'
    'HTTP_REFERER' => 'http://docs/index.php?r=temporary%2Ft-click%2Fview&id=5'
    'HTTP_ACCEPT_ENCODING' => 'gzip, deflate'
    'HTTP_ACCEPT_LANGUAGE' => 'ru-RU,ru;q=0.9,en-US;q=0.8,en;q=0.7'
    'HTTP_COOKIE' => 'PHPSESSID=jisluji5uvm1pae93b6oo803uula2vpd; _identity=04bdd8198866bcab9f7fcb73ecfaae7e95b017a33f4f656615ae17253aa7a3bba%3A2%3A%7Bi%3A0%3Bs%3A9%3A%22_identity%22%3Bi%3A1%3Bs%3A45%3A%22%5B1%2C%22PATsN8FUOCjpbl5zd80jBQgl8H94QJEf%22%2C362400%5D%22%3B%7D; _csrf=409f812ba3a4d569a2a5da47fa2f51ab28bf341eec7fac6b4d422795d7619f9ca%3A2%3A%7Bi%3A0%3Bs%3A5%3A%22_csrf%22%3Bi%3A1%3Bs%3A32%3A%22VmIYEUoEar6qv2VyEUomcTbrPdIWQ425%22%3B%7D'
    'PATH' => 'c:\\openserver\\openserver\\modules\\php\\PHP_7.4\\ext;c:\\openserver\\openserver\\modules\\php\\PHP_7.4\\pear;c:\\openserver\\openserver\\modules\\php\\PHP_7.4\\pear\\bin;c:\\openserver\\openserver\\modules\\php\\PHP_7.4;c:\\openserver\\openserver\\modules\\wget\\bin;c:\\openserver\\openserver\\modules\\database\\MariaDB-10.3\\bin;c:\\openserver\\openserver\\modules\\http\\Apache_2.4-PHP_7.2-7.4\\bin;c:\\openserver\\openserver\\modules\\http\\Apache_2.4-PHP_7.2-7.4;C:\\Windows\\system32;C:\\Windows;C:\\Windows\\system32\\Wbem;C:\\Windows\\SysWOW64;C:\\Program Files\\nodejs\\;C:\\Windows\\system32;C:\\Windows;C:\\Windows\\System32\\Wbem;C:\\Windows\\System32\\WindowsPowerShell\\v1.0\\;C:\\Windows\\System32\\OpenSSH\\;C:\\Program Files\\Microsoft SQL Server\\150\\Tools\\Binn\\;C:\\Program Files\\Microsoft SQL Server\\Client SDK\\ODBC\\170\\Tools\\Binn\\;C:\\Program Files\\dotnet\\;C:\\Program Files (x86)\\Microsoft SQL Server\\150\\DTS\\Binn\\;C:\\Program Files\\Azure Data Studio\\bin;C:\\Program Files (x86)\\Microsoft SQL Server\\160\\Tools\\Binn\\;C:\\Program Files\\Microsoft SQL Server\\160\\Tools\\Binn\\;C:\\Program Files\\Microsoft SQL Server\\160\\DTS\\Binn\\;C:\\Program Files\\nodejs\\;C:\\Users\\user\\AppData\\Local\\Programs\\Python\\Python37\\Scripts\\;C:\\Users\\user\\AppData\\Local\\Programs\\Python\\Python37\\;C:\\Users\\user\\AppData\\Local\\Microsoft\\WindowsApps;C:\\Users\\user\\AppData\\Local\\atom\\bin;C:\\Users\\user\\.dotnet\\tools;D:\\PyCharm Community Edition 2022.2.4\\bin;C:\\Program Files\\JetBrains\\PhpStorm 2021.1.1\\bin;C:\\Users\\user\\AppData\\Roaming\\Microsoft\\Windows\\Start Menu\\Programs\\Python 3.8;C:\\Users\\user\\AppData\\Roaming\\Microsoft\\Windows\\Start Menu\\Programs\\Python 3.8\\Scripts;C:\\Users\\user\\AppData\\Roaming\\Microsoft\\Windows\\Start_Menu\\Programs\\VN_Py\\Lib\\site-packages\\PySide6\\;C:\\Users\\user\\AppData\\Roaming\\npm'
    'SystemRoot' => 'C:\\Windows'
    'COMSPEC' => 'C:\\Windows\\system32\\cmd.exe'
    'PATHEXT' => '.COM;.EXE;.BAT;.CMD;.VBS;.VBE;.JS;.JSE;.WSF;.WSH;.MSC'
    'WINDIR' => 'C:\\Windows'
    'SERVER_SIGNATURE' => ''
    'SERVER_SOFTWARE' => 'Apache'
    'SERVER_NAME' => 'docs'
    'SERVER_ADDR' => '127.0.0.1'
    'SERVER_PORT' => '80'
    'REMOTE_ADDR' => '127.0.0.1'
    'DOCUMENT_ROOT' => 'C:/OpenServer/OpenServer/domains/localhost/docs/web'
    'REQUEST_SCHEME' => 'http'
    'CONTEXT_PREFIX' => ''
    'CONTEXT_DOCUMENT_ROOT' => 'C:/OpenServer/OpenServer/domains/localhost/docs/web'
    'SERVER_ADMIN' => '[no address given]'
    'SCRIPT_FILENAME' => 'C:/OpenServer/OpenServer/domains/localhost/docs/web/index.php'
    'REMOTE_PORT' => '51020'
    'GATEWAY_INTERFACE' => 'CGI/1.1'
    'SERVER_PROTOCOL' => 'HTTP/1.1'
    'REQUEST_METHOD' => 'GET'
    'QUERY_STRING' => 'r=temporary%2Ft-click%2Fbreak'
    'REQUEST_URI' => '/index.php?r=temporary%2Ft-click%2Fbreak'
    'SCRIPT_NAME' => '/index.php'
    'PHP_SELF' => '/index.php'
    'REQUEST_TIME_FLOAT' => 1685125089.412
    'REQUEST_TIME' => 1685125089
    'argv' => [
        0 => 'r=temporary%2Ft-click%2Fbreak'
    ]
    'argc' => 1
]
